Vivado Simulator 2016.3
Copyright 1986-1999, 2001-2016 Xilinx, Inc. All Rights Reserved.
Running: C:/Xilinx/Vivado/2016.3/bin/unwrapped/win64.o/xelab.exe -wto 5e4d1130fc9a4976afe717af8b0ade51 --debug typical --relax --mt 2 --maxdelay -L xil_defaultlib -L simprims_ver -L secureip --snapshot sqrt_time_synth -transport_int_delays -pulse_r 0 -pulse_int_r 0 -pulse_e 0 -pulse_int_e 0 xil_defaultlib.sqrt xil_defaultlib.glbl -log elaborate.log 
Using 2 slave threads.
Starting static elaboration
Completed static elaboration
Starting simulation data flow analysis
Completed simulation data flow analysis
INFO: [XSIM 43-3451] SDF backannotation process started with SDF file "sqrt_time_synth.sdf", for root module "sqrt".
INFO: [XSIM 43-3452] SDF backannotation was successful for SDF file "sqrt_time_synth.sdf", for root module "sqrt".
Time Resolution for simulation is 1ps
Compiling module simprims_ver.IBUF
Compiling module simprims_ver.OBUF
Compiling module simprims_ver.LUT5
Compiling module simprims_ver.x_lut3_mux4
Compiling module simprims_ver.x_lut3_mux4_reduced_0
Compiling module simprims_ver.LUT3
Compiling module xil_defaultlib.sqrt
Compiling module xil_defaultlib.glbl
Built simulation snapshot sqrt_time_synth
