Vivado Simulator 2016.3
Copyright 1986-1999, 2001-2016 Xilinx, Inc. All Rights Reserved.
Running: C:/Xilinx/Vivado/2016.3/bin/unwrapped/win64.o/xelab.exe -wto 2b77be1e376b4273909e6434db572fcf --debug typical --relax --mt 2 -L xil_defaultlib -L secureip --snapshot TB_behav xil_defaultlib.TB -log elaborate.log 
Using 2 slave threads.
Starting static elaboration
Completed static elaboration
Starting simulation data flow analysis
Completed simulation data flow analysis
Time Resolution for simulation is 1ps
Compiling package std.standard
Compiling package std.textio
Compiling package ieee.std_logic_1164
Compiling package ieee.std_logic_arith
Compiling package ieee.std_logic_unsigned
Compiling package ieee.numeric_std
Compiling architecture behavioral of entity xil_defaultlib.half_adder [half_adder_default]
Compiling architecture behavioral of entity xil_defaultlib.full_adder [full_adder_default]
Compiling architecture behavioral of entity xil_defaultlib.multiplier [multiplier_default]
Compiling architecture behavioral of entity xil_defaultlib.BinaryToBCD [binarytobcd_default]
Compiling architecture structural of entity xil_defaultlib.BCD_multiplier [bcd_multiplier_default]
Compiling architecture arch of entity xil_defaultlib.BCD_adder [bcd_adder_default]
Compiling architecture behavioral of entity xil_defaultlib.BCD_1x8_multiplier [bcd_1x8_multiplier_default]
Compiling architecture behavioral of entity xil_defaultlib.N_digit_BCD_adder [\N_digit_BCD_adder(n=17)\]
Compiling architecture behavioral of entity xil_defaultlib.BCD_8x8_multiplier [bcd_8x8_multiplier_default]
Compiling architecture bcd_8x8 of entity xil_defaultlib.tb
Built simulation snapshot TB_behav
