
*** Running vivado
    with args -log BCD_8x8_multiplier.vds -m64 -mode batch -messageDb vivado.pb -notrace -source BCD_8x8_multiplier.tcl


****** Vivado v2015.4 (64-bit)
  **** SW Build 1412921 on Wed Nov 18 09:43:45 MST 2015
  **** IP Build 1412160 on Tue Nov 17 13:47:24 MST 2015
    ** Copyright 1986-2015 Xilinx, Inc. All Rights Reserved.

source BCD_8x8_multiplier.tcl -notrace
Command: synth_design -top BCD_8x8_multiplier -part xc7vx485tffg1761-2
Starting synth_design
Attempting to get a license for feature 'Synthesis' and/or device 'xc7vx485t'
INFO: [Common 17-349] Got license for feature 'Synthesis' and/or device 'xc7vx485t'
---------------------------------------------------------------------------------
Starting Synthesize : Time (s): cpu = 00:00:25 ; elapsed = 00:00:31 . Memory (MB): peak = 505.738 ; gain = 334.984
---------------------------------------------------------------------------------
WARNING: [Synth 8-1565] actual for formal port a is neither a static name nor a globally static expression [E:/courses/University_courses/Design_Automation/project/project_2/project_2.srcs/sources_1/imports/code/multiplier.vhd:51]
WARNING: [Synth 8-1565] actual for formal port b is neither a static name nor a globally static expression [E:/courses/University_courses/Design_Automation/project/project_2/project_2.srcs/sources_1/imports/code/multiplier.vhd:51]
WARNING: [Synth 8-1565] actual for formal port a is neither a static name nor a globally static expression [E:/courses/University_courses/Design_Automation/project/project_2/project_2.srcs/sources_1/imports/code/multiplier.vhd:52]
WARNING: [Synth 8-1565] actual for formal port a is neither a static name nor a globally static expression [E:/courses/University_courses/Design_Automation/project/project_2/project_2.srcs/sources_1/imports/code/multiplier.vhd:53]
WARNING: [Synth 8-1565] actual for formal port input2 is neither a static name nor a globally static expression [E:/courses/University_courses/Design_Automation/project/project_2/project_2.srcs/sources_1/imports/code/BCD_1x8_multiplier.vhd:86]
WARNING: [Synth 8-1565] actual for formal port input1 is neither a static name nor a globally static expression [E:/courses/University_courses/Design_Automation/project/project_2/project_2.srcs/sources_1/imports/code/BCD_8x8_multiplier.vhd:210]
WARNING: [Synth 8-1565] actual for formal port input2 is neither a static name nor a globally static expression [E:/courses/University_courses/Design_Automation/project/project_2/project_2.srcs/sources_1/imports/code/BCD_8x8_multiplier.vhd:210]
WARNING: [Synth 8-1565] actual for formal port input1 is neither a static name nor a globally static expression [E:/courses/University_courses/Design_Automation/project/project_2/project_2.srcs/sources_1/imports/code/BCD_8x8_multiplier.vhd:212]
WARNING: [Synth 8-1565] actual for formal port input2 is neither a static name nor a globally static expression [E:/courses/University_courses/Design_Automation/project/project_2/project_2.srcs/sources_1/imports/code/BCD_8x8_multiplier.vhd:212]
WARNING: [Synth 8-1565] actual for formal port input1 is neither a static name nor a globally static expression [E:/courses/University_courses/Design_Automation/project/project_2/project_2.srcs/sources_1/imports/code/BCD_8x8_multiplier.vhd:214]
WARNING: [Synth 8-1565] actual for formal port input2 is neither a static name nor a globally static expression [E:/courses/University_courses/Design_Automation/project/project_2/project_2.srcs/sources_1/imports/code/BCD_8x8_multiplier.vhd:214]
WARNING: [Synth 8-1565] actual for formal port input1 is neither a static name nor a globally static expression [E:/courses/University_courses/Design_Automation/project/project_2/project_2.srcs/sources_1/imports/code/BCD_8x8_multiplier.vhd:216]
WARNING: [Synth 8-1565] actual for formal port input2 is neither a static name nor a globally static expression [E:/courses/University_courses/Design_Automation/project/project_2/project_2.srcs/sources_1/imports/code/BCD_8x8_multiplier.vhd:216]
WARNING: [Synth 8-1565] actual for formal port input1 is neither a static name nor a globally static expression [E:/courses/University_courses/Design_Automation/project/project_2/project_2.srcs/sources_1/imports/code/BCD_8x8_multiplier.vhd:219]
WARNING: [Synth 8-1565] actual for formal port input2 is neither a static name nor a globally static expression [E:/courses/University_courses/Design_Automation/project/project_2/project_2.srcs/sources_1/imports/code/BCD_8x8_multiplier.vhd:220]
WARNING: [Synth 8-1565] actual for formal port input1 is neither a static name nor a globally static expression [E:/courses/University_courses/Design_Automation/project/project_2/project_2.srcs/sources_1/imports/code/BCD_8x8_multiplier.vhd:221]
WARNING: [Synth 8-1565] actual for formal port input2 is neither a static name nor a globally static expression [E:/courses/University_courses/Design_Automation/project/project_2/project_2.srcs/sources_1/imports/code/BCD_8x8_multiplier.vhd:222]
WARNING: [Synth 8-1565] actual for formal port input1 is neither a static name nor a globally static expression [E:/courses/University_courses/Design_Automation/project/project_2/project_2.srcs/sources_1/imports/code/BCD_8x8_multiplier.vhd:224]
WARNING: [Synth 8-1565] actual for formal port input2 is neither a static name nor a globally static expression [E:/courses/University_courses/Design_Automation/project/project_2/project_2.srcs/sources_1/imports/code/BCD_8x8_multiplier.vhd:225]
INFO: [Synth 8-638] synthesizing module 'BCD_8x8_multiplier' [E:/courses/University_courses/Design_Automation/project/project_2/project_2.srcs/sources_1/imports/code/BCD_8x8_multiplier.vhd:145]
INFO: [Synth 8-3491] module 'BCD_1x8_multiplier' declared at 'E:/courses/University_courses/Design_Automation/project/project_2/project_2.srcs/sources_1/imports/code/BCD_1x8_multiplier.vhd:34' bound to instance 'mul0' of component 'BCD_1x8_multiplier' [E:/courses/University_courses/Design_Automation/project/project_2/project_2.srcs/sources_1/imports/code/BCD_8x8_multiplier.vhd:193]
INFO: [Synth 8-638] synthesizing module 'BCD_1x8_multiplier' [E:/courses/University_courses/Design_Automation/project/project_2/project_2.srcs/sources_1/imports/code/BCD_1x8_multiplier.vhd:41]
INFO: [Synth 8-3491] module 'BCD_multiplier' declared at 'E:/courses/University_courses/Design_Automation/project/project_2/project_2.srcs/sources_1/imports/code/BCD_multiplier.vhd:34' bound to instance 'com0' of component 'BCD_multiplier' [E:/courses/University_courses/Design_Automation/project/project_2/project_2.srcs/sources_1/imports/code/BCD_1x8_multiplier.vhd:63]
INFO: [Synth 8-638] synthesizing module 'BCD_multiplier' [E:/courses/University_courses/Design_Automation/project/project_2/project_2.srcs/sources_1/imports/code/BCD_multiplier.vhd:41]
INFO: [Synth 8-3491] module 'half_adder' declared at 'E:/courses/University_courses/Design_Automation/project/project_2/project_2.srcs/sources_1/imports/code/half_adder.vhd:35' bound to instance 'HA1' of component 'half_adder' [E:/courses/University_courses/Design_Automation/project/project_2/project_2.srcs/sources_1/imports/code/BCD_multiplier.vhd:92]
INFO: [Synth 8-638] synthesizing module 'half_adder' [E:/courses/University_courses/Design_Automation/project/project_2/project_2.srcs/sources_1/imports/code/half_adder.vhd:40]
INFO: [Synth 8-256] done synthesizing module 'half_adder' (1#1) [E:/courses/University_courses/Design_Automation/project/project_2/project_2.srcs/sources_1/imports/code/half_adder.vhd:40]
INFO: [Synth 8-3491] module 'half_adder' declared at 'E:/courses/University_courses/Design_Automation/project/project_2/project_2.srcs/sources_1/imports/code/half_adder.vhd:35' bound to instance 'HA2' of component 'half_adder' [E:/courses/University_courses/Design_Automation/project/project_2/project_2.srcs/sources_1/imports/code/BCD_multiplier.vhd:93]
INFO: [Synth 8-3491] module 'full_adder' declared at 'E:/courses/University_courses/Design_Automation/project/project_2/project_2.srcs/sources_1/imports/code/full_adder.vhd:34' bound to instance 'FA1' of component 'full_adder' [E:/courses/University_courses/Design_Automation/project/project_2/project_2.srcs/sources_1/imports/code/BCD_multiplier.vhd:95]
INFO: [Synth 8-638] synthesizing module 'full_adder' [E:/courses/University_courses/Design_Automation/project/project_2/project_2.srcs/sources_1/imports/code/full_adder.vhd:40]
INFO: [Synth 8-256] done synthesizing module 'full_adder' (2#1) [E:/courses/University_courses/Design_Automation/project/project_2/project_2.srcs/sources_1/imports/code/full_adder.vhd:40]
INFO: [Synth 8-3491] module 'full_adder' declared at 'E:/courses/University_courses/Design_Automation/project/project_2/project_2.srcs/sources_1/imports/code/full_adder.vhd:34' bound to instance 'FA2' of component 'full_adder' [E:/courses/University_courses/Design_Automation/project/project_2/project_2.srcs/sources_1/imports/code/BCD_multiplier.vhd:96]
INFO: [Synth 8-3491] module 'full_adder' declared at 'E:/courses/University_courses/Design_Automation/project/project_2/project_2.srcs/sources_1/imports/code/full_adder.vhd:34' bound to instance 'FA3' of component 'full_adder' [E:/courses/University_courses/Design_Automation/project/project_2/project_2.srcs/sources_1/imports/code/BCD_multiplier.vhd:97]
INFO: [Synth 8-3491] module 'full_adder' declared at 'E:/courses/University_courses/Design_Automation/project/project_2/project_2.srcs/sources_1/imports/code/full_adder.vhd:34' bound to instance 'FA4' of component 'full_adder' [E:/courses/University_courses/Design_Automation/project/project_2/project_2.srcs/sources_1/imports/code/BCD_multiplier.vhd:98]
INFO: [Synth 8-3491] module 'full_adder' declared at 'E:/courses/University_courses/Design_Automation/project/project_2/project_2.srcs/sources_1/imports/code/full_adder.vhd:34' bound to instance 'FA5' of component 'full_adder' [E:/courses/University_courses/Design_Automation/project/project_2/project_2.srcs/sources_1/imports/code/BCD_multiplier.vhd:99]
INFO: [Synth 8-3491] module 'full_adder' declared at 'E:/courses/University_courses/Design_Automation/project/project_2/project_2.srcs/sources_1/imports/code/full_adder.vhd:34' bound to instance 'FA6' of component 'full_adder' [E:/courses/University_courses/Design_Automation/project/project_2/project_2.srcs/sources_1/imports/code/BCD_multiplier.vhd:100]
INFO: [Synth 8-3491] module 'full_adder' declared at 'E:/courses/University_courses/Design_Automation/project/project_2/project_2.srcs/sources_1/imports/code/full_adder.vhd:34' bound to instance 'FA7' of component 'full_adder' [E:/courses/University_courses/Design_Automation/project/project_2/project_2.srcs/sources_1/imports/code/BCD_multiplier.vhd:101]
INFO: [Synth 8-3491] module 'multiplier' declared at 'E:/courses/University_courses/Design_Automation/project/project_2/project_2.srcs/sources_1/imports/code/multiplier.vhd:34' bound to instance 'MA1' of component 'multiplier' [E:/courses/University_courses/Design_Automation/project/project_2/project_2.srcs/sources_1/imports/code/BCD_multiplier.vhd:103]
INFO: [Synth 8-638] synthesizing module 'multiplier' [E:/courses/University_courses/Design_Automation/project/project_2/project_2.srcs/sources_1/imports/code/multiplier.vhd:41]
INFO: [Synth 8-3491] module 'full_adder' declared at 'E:/courses/University_courses/Design_Automation/project/project_2/project_2.srcs/sources_1/imports/code/full_adder.vhd:34' bound to instance 'FA1' of component 'full_adder' [E:/courses/University_courses/Design_Automation/project/project_2/project_2.srcs/sources_1/imports/code/multiplier.vhd:51]
INFO: [Synth 8-3491] module 'full_adder' declared at 'E:/courses/University_courses/Design_Automation/project/project_2/project_2.srcs/sources_1/imports/code/full_adder.vhd:34' bound to instance 'FA2' of component 'full_adder' [E:/courses/University_courses/Design_Automation/project/project_2/project_2.srcs/sources_1/imports/code/multiplier.vhd:52]
INFO: [Synth 8-3491] module 'full_adder' declared at 'E:/courses/University_courses/Design_Automation/project/project_2/project_2.srcs/sources_1/imports/code/full_adder.vhd:34' bound to instance 'FA3' of component 'full_adder' [E:/courses/University_courses/Design_Automation/project/project_2/project_2.srcs/sources_1/imports/code/multiplier.vhd:53]
INFO: [Synth 8-256] done synthesizing module 'multiplier' (3#1) [E:/courses/University_courses/Design_Automation/project/project_2/project_2.srcs/sources_1/imports/code/multiplier.vhd:41]
INFO: [Synth 8-3491] module 'multiplier' declared at 'E:/courses/University_courses/Design_Automation/project/project_2/project_2.srcs/sources_1/imports/code/multiplier.vhd:34' bound to instance 'MA2' of component 'multiplier' [E:/courses/University_courses/Design_Automation/project/project_2/project_2.srcs/sources_1/imports/code/BCD_multiplier.vhd:104]
INFO: [Synth 8-3491] module 'multiplier' declared at 'E:/courses/University_courses/Design_Automation/project/project_2/project_2.srcs/sources_1/imports/code/multiplier.vhd:34' bound to instance 'MA3' of component 'multiplier' [E:/courses/University_courses/Design_Automation/project/project_2/project_2.srcs/sources_1/imports/code/BCD_multiplier.vhd:105]
INFO: [Synth 8-3491] module 'multiplier' declared at 'E:/courses/University_courses/Design_Automation/project/project_2/project_2.srcs/sources_1/imports/code/multiplier.vhd:34' bound to instance 'MA4' of component 'multiplier' [E:/courses/University_courses/Design_Automation/project/project_2/project_2.srcs/sources_1/imports/code/BCD_multiplier.vhd:106]
INFO: [Synth 8-3491] module 'BinaryToBCD' declared at 'E:/courses/University_courses/Design_Automation/project/project_2/project_2.srcs/sources_1/imports/code/BinaryToBCD.vhd:5' bound to instance 'bcd' of component 'BinaryToBCD' [E:/courses/University_courses/Design_Automation/project/project_2/project_2.srcs/sources_1/imports/code/BCD_multiplier.vhd:110]
INFO: [Synth 8-638] synthesizing module 'BinaryToBCD' [E:/courses/University_courses/Design_Automation/project/project_2/project_2.srcs/sources_1/imports/code/BinaryToBCD.vhd:14]
INFO: [Synth 8-256] done synthesizing module 'BinaryToBCD' (4#1) [E:/courses/University_courses/Design_Automation/project/project_2/project_2.srcs/sources_1/imports/code/BinaryToBCD.vhd:14]
INFO: [Synth 8-256] done synthesizing module 'BCD_multiplier' (5#1) [E:/courses/University_courses/Design_Automation/project/project_2/project_2.srcs/sources_1/imports/code/BCD_multiplier.vhd:41]
INFO: [Synth 8-3491] module 'BCD_multiplier' declared at 'E:/courses/University_courses/Design_Automation/project/project_2/project_2.srcs/sources_1/imports/code/BCD_multiplier.vhd:34' bound to instance 'com1' of component 'BCD_multiplier' [E:/courses/University_courses/Design_Automation/project/project_2/project_2.srcs/sources_1/imports/code/BCD_1x8_multiplier.vhd:64]
INFO: [Synth 8-3491] module 'BCD_multiplier' declared at 'E:/courses/University_courses/Design_Automation/project/project_2/project_2.srcs/sources_1/imports/code/BCD_multiplier.vhd:34' bound to instance 'com2' of component 'BCD_multiplier' [E:/courses/University_courses/Design_Automation/project/project_2/project_2.srcs/sources_1/imports/code/BCD_1x8_multiplier.vhd:65]
INFO: [Synth 8-3491] module 'BCD_multiplier' declared at 'E:/courses/University_courses/Design_Automation/project/project_2/project_2.srcs/sources_1/imports/code/BCD_multiplier.vhd:34' bound to instance 'com3' of component 'BCD_multiplier' [E:/courses/University_courses/Design_Automation/project/project_2/project_2.srcs/sources_1/imports/code/BCD_1x8_multiplier.vhd:66]
INFO: [Synth 8-3491] module 'BCD_multiplier' declared at 'E:/courses/University_courses/Design_Automation/project/project_2/project_2.srcs/sources_1/imports/code/BCD_multiplier.vhd:34' bound to instance 'com4' of component 'BCD_multiplier' [E:/courses/University_courses/Design_Automation/project/project_2/project_2.srcs/sources_1/imports/code/BCD_1x8_multiplier.vhd:67]
INFO: [Synth 8-3491] module 'BCD_multiplier' declared at 'E:/courses/University_courses/Design_Automation/project/project_2/project_2.srcs/sources_1/imports/code/BCD_multiplier.vhd:34' bound to instance 'com5' of component 'BCD_multiplier' [E:/courses/University_courses/Design_Automation/project/project_2/project_2.srcs/sources_1/imports/code/BCD_1x8_multiplier.vhd:68]
INFO: [Synth 8-3491] module 'BCD_multiplier' declared at 'E:/courses/University_courses/Design_Automation/project/project_2/project_2.srcs/sources_1/imports/code/BCD_multiplier.vhd:34' bound to instance 'com6' of component 'BCD_multiplier' [E:/courses/University_courses/Design_Automation/project/project_2/project_2.srcs/sources_1/imports/code/BCD_1x8_multiplier.vhd:69]
INFO: [Synth 8-3491] module 'BCD_multiplier' declared at 'E:/courses/University_courses/Design_Automation/project/project_2/project_2.srcs/sources_1/imports/code/BCD_multiplier.vhd:34' bound to instance 'com7' of component 'BCD_multiplier' [E:/courses/University_courses/Design_Automation/project/project_2/project_2.srcs/sources_1/imports/code/BCD_1x8_multiplier.vhd:70]
INFO: [Synth 8-3491] module 'BCD_adder' declared at 'E:/courses/University_courses/Design_Automation/project/project_2/project_2.srcs/sources_1/imports/code/BCD_adder.vhd:5' bound to instance 'adder0' of component 'BCD_adder' [E:/courses/University_courses/Design_Automation/project/project_2/project_2.srcs/sources_1/imports/code/BCD_1x8_multiplier.vhd:72]
INFO: [Synth 8-638] synthesizing module 'BCD_adder' [E:/courses/University_courses/Design_Automation/project/project_2/project_2.srcs/sources_1/imports/code/BCD_adder.vhd:13]
INFO: [Synth 8-256] done synthesizing module 'BCD_adder' (6#1) [E:/courses/University_courses/Design_Automation/project/project_2/project_2.srcs/sources_1/imports/code/BCD_adder.vhd:13]
INFO: [Synth 8-3491] module 'BCD_adder' declared at 'E:/courses/University_courses/Design_Automation/project/project_2/project_2.srcs/sources_1/imports/code/BCD_adder.vhd:5' bound to instance 'adder1' of component 'BCD_adder' [E:/courses/University_courses/Design_Automation/project/project_2/project_2.srcs/sources_1/imports/code/BCD_1x8_multiplier.vhd:74]
INFO: [Synth 8-3491] module 'BCD_adder' declared at 'E:/courses/University_courses/Design_Automation/project/project_2/project_2.srcs/sources_1/imports/code/BCD_adder.vhd:5' bound to instance 'adder2' of component 'BCD_adder' [E:/courses/University_courses/Design_Automation/project/project_2/project_2.srcs/sources_1/imports/code/BCD_1x8_multiplier.vhd:76]
INFO: [Synth 8-3491] module 'BCD_adder' declared at 'E:/courses/University_courses/Design_Automation/project/project_2/project_2.srcs/sources_1/imports/code/BCD_adder.vhd:5' bound to instance 'adder3' of component 'BCD_adder' [E:/courses/University_courses/Design_Automation/project/project_2/project_2.srcs/sources_1/imports/code/BCD_1x8_multiplier.vhd:78]
INFO: [Synth 8-3491] module 'BCD_adder' declared at 'E:/courses/University_courses/Design_Automation/project/project_2/project_2.srcs/sources_1/imports/code/BCD_adder.vhd:5' bound to instance 'adder4' of component 'BCD_adder' [E:/courses/University_courses/Design_Automation/project/project_2/project_2.srcs/sources_1/imports/code/BCD_1x8_multiplier.vhd:80]
INFO: [Synth 8-3491] module 'BCD_adder' declared at 'E:/courses/University_courses/Design_Automation/project/project_2/project_2.srcs/sources_1/imports/code/BCD_adder.vhd:5' bound to instance 'adder5' of component 'BCD_adder' [E:/courses/University_courses/Design_Automation/project/project_2/project_2.srcs/sources_1/imports/code/BCD_1x8_multiplier.vhd:82]
INFO: [Synth 8-3491] module 'BCD_adder' declared at 'E:/courses/University_courses/Design_Automation/project/project_2/project_2.srcs/sources_1/imports/code/BCD_adder.vhd:5' bound to instance 'adder6' of component 'BCD_adder' [E:/courses/University_courses/Design_Automation/project/project_2/project_2.srcs/sources_1/imports/code/BCD_1x8_multiplier.vhd:84]
INFO: [Synth 8-3491] module 'BCD_adder' declared at 'E:/courses/University_courses/Design_Automation/project/project_2/project_2.srcs/sources_1/imports/code/BCD_adder.vhd:5' bound to instance 'adder7' of component 'BCD_adder' [E:/courses/University_courses/Design_Automation/project/project_2/project_2.srcs/sources_1/imports/code/BCD_1x8_multiplier.vhd:86]
INFO: [Synth 8-256] done synthesizing module 'BCD_1x8_multiplier' (7#1) [E:/courses/University_courses/Design_Automation/project/project_2/project_2.srcs/sources_1/imports/code/BCD_1x8_multiplier.vhd:41]
INFO: [Synth 8-3491] module 'BCD_1x8_multiplier' declared at 'E:/courses/University_courses/Design_Automation/project/project_2/project_2.srcs/sources_1/imports/code/BCD_1x8_multiplier.vhd:34' bound to instance 'mul1' of component 'BCD_1x8_multiplier' [E:/courses/University_courses/Design_Automation/project/project_2/project_2.srcs/sources_1/imports/code/BCD_8x8_multiplier.vhd:195]
INFO: [Synth 8-3491] module 'BCD_1x8_multiplier' declared at 'E:/courses/University_courses/Design_Automation/project/project_2/project_2.srcs/sources_1/imports/code/BCD_1x8_multiplier.vhd:34' bound to instance 'mul2' of component 'BCD_1x8_multiplier' [E:/courses/University_courses/Design_Automation/project/project_2/project_2.srcs/sources_1/imports/code/BCD_8x8_multiplier.vhd:197]
INFO: [Synth 8-3491] module 'BCD_1x8_multiplier' declared at 'E:/courses/University_courses/Design_Automation/project/project_2/project_2.srcs/sources_1/imports/code/BCD_1x8_multiplier.vhd:34' bound to instance 'mul3' of component 'BCD_1x8_multiplier' [E:/courses/University_courses/Design_Automation/project/project_2/project_2.srcs/sources_1/imports/code/BCD_8x8_multiplier.vhd:199]
INFO: [Synth 8-3491] module 'BCD_1x8_multiplier' declared at 'E:/courses/University_courses/Design_Automation/project/project_2/project_2.srcs/sources_1/imports/code/BCD_1x8_multiplier.vhd:34' bound to instance 'mul4' of component 'BCD_1x8_multiplier' [E:/courses/University_courses/Design_Automation/project/project_2/project_2.srcs/sources_1/imports/code/BCD_8x8_multiplier.vhd:201]
INFO: [Synth 8-3491] module 'BCD_1x8_multiplier' declared at 'E:/courses/University_courses/Design_Automation/project/project_2/project_2.srcs/sources_1/imports/code/BCD_1x8_multiplier.vhd:34' bound to instance 'mul5' of component 'BCD_1x8_multiplier' [E:/courses/University_courses/Design_Automation/project/project_2/project_2.srcs/sources_1/imports/code/BCD_8x8_multiplier.vhd:203]
INFO: [Synth 8-3491] module 'BCD_1x8_multiplier' declared at 'E:/courses/University_courses/Design_Automation/project/project_2/project_2.srcs/sources_1/imports/code/BCD_1x8_multiplier.vhd:34' bound to instance 'mul6' of component 'BCD_1x8_multiplier' [E:/courses/University_courses/Design_Automation/project/project_2/project_2.srcs/sources_1/imports/code/BCD_8x8_multiplier.vhd:205]
INFO: [Synth 8-3491] module 'BCD_1x8_multiplier' declared at 'E:/courses/University_courses/Design_Automation/project/project_2/project_2.srcs/sources_1/imports/code/BCD_1x8_multiplier.vhd:34' bound to instance 'mul7' of component 'BCD_1x8_multiplier' [E:/courses/University_courses/Design_Automation/project/project_2/project_2.srcs/sources_1/imports/code/BCD_8x8_multiplier.vhd:207]
	Parameter N bound to: 10 - type: integer 
INFO: [Synth 8-3491] module 'N_digit_BCD_adder' declared at 'E:/courses/University_courses/Design_Automation/project/project_2/project_2.srcs/sources_1/imports/code/N_digit_BCD_adder.vhd:34' bound to instance 'adderb1b0' of component 'N_digit_BCD_adder' [E:/courses/University_courses/Design_Automation/project/project_2/project_2.srcs/sources_1/imports/code/BCD_8x8_multiplier.vhd:210]
INFO: [Synth 8-638] synthesizing module 'N_digit_BCD_adder' [E:/courses/University_courses/Design_Automation/project/project_2/project_2.srcs/sources_1/imports/code/N_digit_BCD_adder.vhd:45]
	Parameter N bound to: 10 - type: integer 
INFO: [Synth 8-3491] module 'BCD_adder' declared at 'E:/courses/University_courses/Design_Automation/project/project_2/project_2.srcs/sources_1/imports/code/BCD_adder.vhd:5' bound to instance 'BCD' of component 'BCD_adder' [E:/courses/University_courses/Design_Automation/project/project_2/project_2.srcs/sources_1/imports/code/N_digit_BCD_adder.vhd:58]
INFO: [Synth 8-3491] module 'BCD_adder' declared at 'E:/courses/University_courses/Design_Automation/project/project_2/project_2.srcs/sources_1/imports/code/BCD_adder.vhd:5' bound to instance 'BCD' of component 'BCD_adder' [E:/courses/University_courses/Design_Automation/project/project_2/project_2.srcs/sources_1/imports/code/N_digit_BCD_adder.vhd:63]
INFO: [Synth 8-3491] module 'BCD_adder' declared at 'E:/courses/University_courses/Design_Automation/project/project_2/project_2.srcs/sources_1/imports/code/BCD_adder.vhd:5' bound to instance 'BCD' of component 'BCD_adder' [E:/courses/University_courses/Design_Automation/project/project_2/project_2.srcs/sources_1/imports/code/N_digit_BCD_adder.vhd:63]
INFO: [Synth 8-3491] module 'BCD_adder' declared at 'E:/courses/University_courses/Design_Automation/project/project_2/project_2.srcs/sources_1/imports/code/BCD_adder.vhd:5' bound to instance 'BCD' of component 'BCD_adder' [E:/courses/University_courses/Design_Automation/project/project_2/project_2.srcs/sources_1/imports/code/N_digit_BCD_adder.vhd:63]
INFO: [Synth 8-3491] module 'BCD_adder' declared at 'E:/courses/University_courses/Design_Automation/project/project_2/project_2.srcs/sources_1/imports/code/BCD_adder.vhd:5' bound to instance 'BCD' of component 'BCD_adder' [E:/courses/University_courses/Design_Automation/project/project_2/project_2.srcs/sources_1/imports/code/N_digit_BCD_adder.vhd:63]
INFO: [Synth 8-3491] module 'BCD_adder' declared at 'E:/courses/University_courses/Design_Automation/project/project_2/project_2.srcs/sources_1/imports/code/BCD_adder.vhd:5' bound to instance 'BCD' of component 'BCD_adder' [E:/courses/University_courses/Design_Automation/project/project_2/project_2.srcs/sources_1/imports/code/N_digit_BCD_adder.vhd:63]
INFO: [Synth 8-3491] module 'BCD_adder' declared at 'E:/courses/University_courses/Design_Automation/project/project_2/project_2.srcs/sources_1/imports/code/BCD_adder.vhd:5' bound to instance 'BCD' of component 'BCD_adder' [E:/courses/University_courses/Design_Automation/project/project_2/project_2.srcs/sources_1/imports/code/N_digit_BCD_adder.vhd:63]
INFO: [Synth 8-3491] module 'BCD_adder' declared at 'E:/courses/University_courses/Design_Automation/project/project_2/project_2.srcs/sources_1/imports/code/BCD_adder.vhd:5' bound to instance 'BCD' of component 'BCD_adder' [E:/courses/University_courses/Design_Automation/project/project_2/project_2.srcs/sources_1/imports/code/N_digit_BCD_adder.vhd:63]
INFO: [Synth 8-3491] module 'BCD_adder' declared at 'E:/courses/University_courses/Design_Automation/project/project_2/project_2.srcs/sources_1/imports/code/BCD_adder.vhd:5' bound to instance 'BCD' of component 'BCD_adder' [E:/courses/University_courses/Design_Automation/project/project_2/project_2.srcs/sources_1/imports/code/N_digit_BCD_adder.vhd:63]
INFO: [Synth 8-3491] module 'BCD_adder' declared at 'E:/courses/University_courses/Design_Automation/project/project_2/project_2.srcs/sources_1/imports/code/BCD_adder.vhd:5' bound to instance 'BCD' of component 'BCD_adder' [E:/courses/University_courses/Design_Automation/project/project_2/project_2.srcs/sources_1/imports/code/N_digit_BCD_adder.vhd:63]
INFO: [Synth 8-256] done synthesizing module 'N_digit_BCD_adder' (8#1) [E:/courses/University_courses/Design_Automation/project/project_2/project_2.srcs/sources_1/imports/code/N_digit_BCD_adder.vhd:45]
	Parameter N bound to: 10 - type: integer 
INFO: [Synth 8-3491] module 'N_digit_BCD_adder' declared at 'E:/courses/University_courses/Design_Automation/project/project_2/project_2.srcs/sources_1/imports/code/N_digit_BCD_adder.vhd:34' bound to instance 'adderb3b2' of component 'N_digit_BCD_adder' [E:/courses/University_courses/Design_Automation/project/project_2/project_2.srcs/sources_1/imports/code/BCD_8x8_multiplier.vhd:212]
	Parameter N bound to: 10 - type: integer 
INFO: [Synth 8-3491] module 'N_digit_BCD_adder' declared at 'E:/courses/University_courses/Design_Automation/project/project_2/project_2.srcs/sources_1/imports/code/N_digit_BCD_adder.vhd:34' bound to instance 'adderb5b4' of component 'N_digit_BCD_adder' [E:/courses/University_courses/Design_Automation/project/project_2/project_2.srcs/sources_1/imports/code/BCD_8x8_multiplier.vhd:214]
	Parameter N bound to: 10 - type: integer 
INFO: [Synth 8-3491] module 'N_digit_BCD_adder' declared at 'E:/courses/University_courses/Design_Automation/project/project_2/project_2.srcs/sources_1/imports/code/N_digit_BCD_adder.vhd:34' bound to instance 'adderb7b6' of component 'N_digit_BCD_adder' [E:/courses/University_courses/Design_Automation/project/project_2/project_2.srcs/sources_1/imports/code/BCD_8x8_multiplier.vhd:216]
	Parameter N bound to: 13 - type: integer 
INFO: [Synth 8-3491] module 'N_digit_BCD_adder' declared at 'E:/courses/University_courses/Design_Automation/project/project_2/project_2.srcs/sources_1/imports/code/N_digit_BCD_adder.vhd:34' bound to instance 'adderb3b2b1b0' of component 'N_digit_BCD_adder' [E:/courses/University_courses/Design_Automation/project/project_2/project_2.srcs/sources_1/imports/code/BCD_8x8_multiplier.vhd:219]
INFO: [Synth 8-638] synthesizing module 'N_digit_BCD_adder__parameterized4' [E:/courses/University_courses/Design_Automation/project/project_2/project_2.srcs/sources_1/imports/code/N_digit_BCD_adder.vhd:45]
	Parameter N bound to: 13 - type: integer 
INFO: [Synth 8-3491] module 'BCD_adder' declared at 'E:/courses/University_courses/Design_Automation/project/project_2/project_2.srcs/sources_1/imports/code/BCD_adder.vhd:5' bound to instance 'BCD' of component 'BCD_adder' [E:/courses/University_courses/Design_Automation/project/project_2/project_2.srcs/sources_1/imports/code/N_digit_BCD_adder.vhd:58]
INFO: [Synth 8-3491] module 'BCD_adder' declared at 'E:/courses/University_courses/Design_Automation/project/project_2/project_2.srcs/sources_1/imports/code/BCD_adder.vhd:5' bound to instance 'BCD' of component 'BCD_adder' [E:/courses/University_courses/Design_Automation/project/project_2/project_2.srcs/sources_1/imports/code/N_digit_BCD_adder.vhd:63]
INFO: [Synth 8-3491] module 'BCD_adder' declared at 'E:/courses/University_courses/Design_Automation/project/project_2/project_2.srcs/sources_1/imports/code/BCD_adder.vhd:5' bound to instance 'BCD' of component 'BCD_adder' [E:/courses/University_courses/Design_Automation/project/project_2/project_2.srcs/sources_1/imports/code/N_digit_BCD_adder.vhd:63]
INFO: [Synth 8-3491] module 'BCD_adder' declared at 'E:/courses/University_courses/Design_Automation/project/project_2/project_2.srcs/sources_1/imports/code/BCD_adder.vhd:5' bound to instance 'BCD' of component 'BCD_adder' [E:/courses/University_courses/Design_Automation/project/project_2/project_2.srcs/sources_1/imports/code/N_digit_BCD_adder.vhd:63]
INFO: [Synth 8-3491] module 'BCD_adder' declared at 'E:/courses/University_courses/Design_Automation/project/project_2/project_2.srcs/sources_1/imports/code/BCD_adder.vhd:5' bound to instance 'BCD' of component 'BCD_adder' [E:/courses/University_courses/Design_Automation/project/project_2/project_2.srcs/sources_1/imports/code/N_digit_BCD_adder.vhd:63]
INFO: [Synth 8-3491] module 'BCD_adder' declared at 'E:/courses/University_courses/Design_Automation/project/project_2/project_2.srcs/sources_1/imports/code/BCD_adder.vhd:5' bound to instance 'BCD' of component 'BCD_adder' [E:/courses/University_courses/Design_Automation/project/project_2/project_2.srcs/sources_1/imports/code/N_digit_BCD_adder.vhd:63]
INFO: [Synth 8-3491] module 'BCD_adder' declared at 'E:/courses/University_courses/Design_Automation/project/project_2/project_2.srcs/sources_1/imports/code/BCD_adder.vhd:5' bound to instance 'BCD' of component 'BCD_adder' [E:/courses/University_courses/Design_Automation/project/project_2/project_2.srcs/sources_1/imports/code/N_digit_BCD_adder.vhd:63]
INFO: [Synth 8-3491] module 'BCD_adder' declared at 'E:/courses/University_courses/Design_Automation/project/project_2/project_2.srcs/sources_1/imports/code/BCD_adder.vhd:5' bound to instance 'BCD' of component 'BCD_adder' [E:/courses/University_courses/Design_Automation/project/project_2/project_2.srcs/sources_1/imports/code/N_digit_BCD_adder.vhd:63]
INFO: [Synth 8-3491] module 'BCD_adder' declared at 'E:/courses/University_courses/Design_Automation/project/project_2/project_2.srcs/sources_1/imports/code/BCD_adder.vhd:5' bound to instance 'BCD' of component 'BCD_adder' [E:/courses/University_courses/Design_Automation/project/project_2/project_2.srcs/sources_1/imports/code/N_digit_BCD_adder.vhd:63]
INFO: [Synth 8-3491] module 'BCD_adder' declared at 'E:/courses/University_courses/Design_Automation/project/project_2/project_2.srcs/sources_1/imports/code/BCD_adder.vhd:5' bound to instance 'BCD' of component 'BCD_adder' [E:/courses/University_courses/Design_Automation/project/project_2/project_2.srcs/sources_1/imports/code/N_digit_BCD_adder.vhd:63]
INFO: [Synth 8-3491] module 'BCD_adder' declared at 'E:/courses/University_courses/Design_Automation/project/project_2/project_2.srcs/sources_1/imports/code/BCD_adder.vhd:5' bound to instance 'BCD' of component 'BCD_adder' [E:/courses/University_courses/Design_Automation/project/project_2/project_2.srcs/sources_1/imports/code/N_digit_BCD_adder.vhd:63]
INFO: [Synth 8-3491] module 'BCD_adder' declared at 'E:/courses/University_courses/Design_Automation/project/project_2/project_2.srcs/sources_1/imports/code/BCD_adder.vhd:5' bound to instance 'BCD' of component 'BCD_adder' [E:/courses/University_courses/Design_Automation/project/project_2/project_2.srcs/sources_1/imports/code/N_digit_BCD_adder.vhd:63]
INFO: [Synth 8-3491] module 'BCD_adder' declared at 'E:/courses/University_courses/Design_Automation/project/project_2/project_2.srcs/sources_1/imports/code/BCD_adder.vhd:5' bound to instance 'BCD' of component 'BCD_adder' [E:/courses/University_courses/Design_Automation/project/project_2/project_2.srcs/sources_1/imports/code/N_digit_BCD_adder.vhd:63]
INFO: [Synth 8-256] done synthesizing module 'N_digit_BCD_adder__parameterized4' (8#1) [E:/courses/University_courses/Design_Automation/project/project_2/project_2.srcs/sources_1/imports/code/N_digit_BCD_adder.vhd:45]
	Parameter N bound to: 13 - type: integer 
INFO: [Synth 8-3491] module 'N_digit_BCD_adder' declared at 'E:/courses/University_courses/Design_Automation/project/project_2/project_2.srcs/sources_1/imports/code/N_digit_BCD_adder.vhd:34' bound to instance 'adderb7b6b5b4' of component 'N_digit_BCD_adder' [E:/courses/University_courses/Design_Automation/project/project_2/project_2.srcs/sources_1/imports/code/BCD_8x8_multiplier.vhd:221]
INFO: [Synth 8-638] synthesizing module 'N_digit_BCD_adder__parameterized6' [E:/courses/University_courses/Design_Automation/project/project_2/project_2.srcs/sources_1/imports/code/N_digit_BCD_adder.vhd:45]
	Parameter N bound to: 13 - type: integer 
INFO: [Synth 8-3491] module 'BCD_adder' declared at 'E:/courses/University_courses/Design_Automation/project/project_2/project_2.srcs/sources_1/imports/code/BCD_adder.vhd:5' bound to instance 'BCD' of component 'BCD_adder' [E:/courses/University_courses/Design_Automation/project/project_2/project_2.srcs/sources_1/imports/code/N_digit_BCD_adder.vhd:58]
INFO: [Synth 8-3491] module 'BCD_adder' declared at 'E:/courses/University_courses/Design_Automation/project/project_2/project_2.srcs/sources_1/imports/code/BCD_adder.vhd:5' bound to instance 'BCD' of component 'BCD_adder' [E:/courses/University_courses/Design_Automation/project/project_2/project_2.srcs/sources_1/imports/code/N_digit_BCD_adder.vhd:63]
INFO: [Synth 8-3491] module 'BCD_adder' declared at 'E:/courses/University_courses/Design_Automation/project/project_2/project_2.srcs/sources_1/imports/code/BCD_adder.vhd:5' bound to instance 'BCD' of component 'BCD_adder' [E:/courses/University_courses/Design_Automation/project/project_2/project_2.srcs/sources_1/imports/code/N_digit_BCD_adder.vhd:63]
INFO: [Synth 8-3491] module 'BCD_adder' declared at 'E:/courses/University_courses/Design_Automation/project/project_2/project_2.srcs/sources_1/imports/code/BCD_adder.vhd:5' bound to instance 'BCD' of component 'BCD_adder' [E:/courses/University_courses/Design_Automation/project/project_2/project_2.srcs/sources_1/imports/code/N_digit_BCD_adder.vhd:63]
INFO: [Synth 8-3491] module 'BCD_adder' declared at 'E:/courses/University_courses/Design_Automation/project/project_2/project_2.srcs/sources_1/imports/code/BCD_adder.vhd:5' bound to instance 'BCD' of component 'BCD_adder' [E:/courses/University_courses/Design_Automation/project/project_2/project_2.srcs/sources_1/imports/code/N_digit_BCD_adder.vhd:63]
INFO: [Synth 8-3491] module 'BCD_adder' declared at 'E:/courses/University_courses/Design_Automation/project/project_2/project_2.srcs/sources_1/imports/code/BCD_adder.vhd:5' bound to instance 'BCD' of component 'BCD_adder' [E:/courses/University_courses/Design_Automation/project/project_2/project_2.srcs/sources_1/imports/code/N_digit_BCD_adder.vhd:63]
INFO: [Synth 8-3491] module 'BCD_adder' declared at 'E:/courses/University_courses/Design_Automation/project/project_2/project_2.srcs/sources_1/imports/code/BCD_adder.vhd:5' bound to instance 'BCD' of component 'BCD_adder' [E:/courses/University_courses/Design_Automation/project/project_2/project_2.srcs/sources_1/imports/code/N_digit_BCD_adder.vhd:63]
INFO: [Synth 8-3491] module 'BCD_adder' declared at 'E:/courses/University_courses/Design_Automation/project/project_2/project_2.srcs/sources_1/imports/code/BCD_adder.vhd:5' bound to instance 'BCD' of component 'BCD_adder' [E:/courses/University_courses/Design_Automation/project/project_2/project_2.srcs/sources_1/imports/code/N_digit_BCD_adder.vhd:63]
INFO: [Synth 8-3491] module 'BCD_adder' declared at 'E:/courses/University_courses/Design_Automation/project/project_2/project_2.srcs/sources_1/imports/code/BCD_adder.vhd:5' bound to instance 'BCD' of component 'BCD_adder' [E:/courses/University_courses/Design_Automation/project/project_2/project_2.srcs/sources_1/imports/code/N_digit_BCD_adder.vhd:63]
INFO: [Synth 8-3491] module 'BCD_adder' declared at 'E:/courses/University_courses/Design_Automation/project/project_2/project_2.srcs/sources_1/imports/code/BCD_adder.vhd:5' bound to instance 'BCD' of component 'BCD_adder' [E:/courses/University_courses/Design_Automation/project/project_2/project_2.srcs/sources_1/imports/code/N_digit_BCD_adder.vhd:63]
INFO: [Synth 8-3491] module 'BCD_adder' declared at 'E:/courses/University_courses/Design_Automation/project/project_2/project_2.srcs/sources_1/imports/code/BCD_adder.vhd:5' bound to instance 'BCD' of component 'BCD_adder' [E:/courses/University_courses/Design_Automation/project/project_2/project_2.srcs/sources_1/imports/code/N_digit_BCD_adder.vhd:63]
INFO: [Synth 8-3491] module 'BCD_adder' declared at 'E:/courses/University_courses/Design_Automation/project/project_2/project_2.srcs/sources_1/imports/code/BCD_adder.vhd:5' bound to instance 'BCD' of component 'BCD_adder' [E:/courses/University_courses/Design_Automation/project/project_2/project_2.srcs/sources_1/imports/code/N_digit_BCD_adder.vhd:63]
INFO: [Synth 8-3491] module 'BCD_adder' declared at 'E:/courses/University_courses/Design_Automation/project/project_2/project_2.srcs/sources_1/imports/code/BCD_adder.vhd:5' bound to instance 'BCD' of component 'BCD_adder' [E:/courses/University_courses/Design_Automation/project/project_2/project_2.srcs/sources_1/imports/code/N_digit_BCD_adder.vhd:63]
INFO: [Synth 8-256] done synthesizing module 'N_digit_BCD_adder__parameterized6' (8#1) [E:/courses/University_courses/Design_Automation/project/project_2/project_2.srcs/sources_1/imports/code/N_digit_BCD_adder.vhd:45]
	Parameter N bound to: 18 - type: integer 
INFO: [Synth 8-3491] module 'N_digit_BCD_adder' declared at 'E:/courses/University_courses/Design_Automation/project/project_2/project_2.srcs/sources_1/imports/code/N_digit_BCD_adder.vhd:34' bound to instance 'adderoverall' of component 'N_digit_BCD_adder' [E:/courses/University_courses/Design_Automation/project/project_2/project_2.srcs/sources_1/imports/code/BCD_8x8_multiplier.vhd:224]
INFO: [Synth 8-638] synthesizing module 'N_digit_BCD_adder__parameterized8' [E:/courses/University_courses/Design_Automation/project/project_2/project_2.srcs/sources_1/imports/code/N_digit_BCD_adder.vhd:45]
	Parameter N bound to: 18 - type: integer 
INFO: [Synth 8-3491] module 'BCD_adder' declared at 'E:/courses/University_courses/Design_Automation/project/project_2/project_2.srcs/sources_1/imports/code/BCD_adder.vhd:5' bound to instance 'BCD' of component 'BCD_adder' [E:/courses/University_courses/Design_Automation/project/project_2/project_2.srcs/sources_1/imports/code/N_digit_BCD_adder.vhd:58]
INFO: [Synth 8-3491] module 'BCD_adder' declared at 'E:/courses/University_courses/Design_Automation/project/project_2/project_2.srcs/sources_1/imports/code/BCD_adder.vhd:5' bound to instance 'BCD' of component 'BCD_adder' [E:/courses/University_courses/Design_Automation/project/project_2/project_2.srcs/sources_1/imports/code/N_digit_BCD_adder.vhd:63]
INFO: [Synth 8-3491] module 'BCD_adder' declared at 'E:/courses/University_courses/Design_Automation/project/project_2/project_2.srcs/sources_1/imports/code/BCD_adder.vhd:5' bound to instance 'BCD' of component 'BCD_adder' [E:/courses/University_courses/Design_Automation/project/project_2/project_2.srcs/sources_1/imports/code/N_digit_BCD_adder.vhd:63]
INFO: [Synth 8-3491] module 'BCD_adder' declared at 'E:/courses/University_courses/Design_Automation/project/project_2/project_2.srcs/sources_1/imports/code/BCD_adder.vhd:5' bound to instance 'BCD' of component 'BCD_adder' [E:/courses/University_courses/Design_Automation/project/project_2/project_2.srcs/sources_1/imports/code/N_digit_BCD_adder.vhd:63]
INFO: [Synth 8-3491] module 'BCD_adder' declared at 'E:/courses/University_courses/Design_Automation/project/project_2/project_2.srcs/sources_1/imports/code/BCD_adder.vhd:5' bound to instance 'BCD' of component 'BCD_adder' [E:/courses/University_courses/Design_Automation/project/project_2/project_2.srcs/sources_1/imports/code/N_digit_BCD_adder.vhd:63]
INFO: [Synth 8-3491] module 'BCD_adder' declared at 'E:/courses/University_courses/Design_Automation/project/project_2/project_2.srcs/sources_1/imports/code/BCD_adder.vhd:5' bound to instance 'BCD' of component 'BCD_adder' [E:/courses/University_courses/Design_Automation/project/project_2/project_2.srcs/sources_1/imports/code/N_digit_BCD_adder.vhd:63]
INFO: [Synth 8-3491] module 'BCD_adder' declared at 'E:/courses/University_courses/Design_Automation/project/project_2/project_2.srcs/sources_1/imports/code/BCD_adder.vhd:5' bound to instance 'BCD' of component 'BCD_adder' [E:/courses/University_courses/Design_Automation/project/project_2/project_2.srcs/sources_1/imports/code/N_digit_BCD_adder.vhd:63]
INFO: [Synth 8-3491] module 'BCD_adder' declared at 'E:/courses/University_courses/Design_Automation/project/project_2/project_2.srcs/sources_1/imports/code/BCD_adder.vhd:5' bound to instance 'BCD' of component 'BCD_adder' [E:/courses/University_courses/Design_Automation/project/project_2/project_2.srcs/sources_1/imports/code/N_digit_BCD_adder.vhd:63]
INFO: [Synth 8-3491] module 'BCD_adder' declared at 'E:/courses/University_courses/Design_Automation/project/project_2/project_2.srcs/sources_1/imports/code/BCD_adder.vhd:5' bound to instance 'BCD' of component 'BCD_adder' [E:/courses/University_courses/Design_Automation/project/project_2/project_2.srcs/sources_1/imports/code/N_digit_BCD_adder.vhd:63]
INFO: [Synth 8-3491] module 'BCD_adder' declared at 'E:/courses/University_courses/Design_Automation/project/project_2/project_2.srcs/sources_1/imports/code/BCD_adder.vhd:5' bound to instance 'BCD' of component 'BCD_adder' [E:/courses/University_courses/Design_Automation/project/project_2/project_2.srcs/sources_1/imports/code/N_digit_BCD_adder.vhd:63]
INFO: [Synth 8-3491] module 'BCD_adder' declared at 'E:/courses/University_courses/Design_Automation/project/project_2/project_2.srcs/sources_1/imports/code/BCD_adder.vhd:5' bound to instance 'BCD' of component 'BCD_adder' [E:/courses/University_courses/Design_Automation/project/project_2/project_2.srcs/sources_1/imports/code/N_digit_BCD_adder.vhd:63]
INFO: [Synth 8-3491] module 'BCD_adder' declared at 'E:/courses/University_courses/Design_Automation/project/project_2/project_2.srcs/sources_1/imports/code/BCD_adder.vhd:5' bound to instance 'BCD' of component 'BCD_adder' [E:/courses/University_courses/Design_Automation/project/project_2/project_2.srcs/sources_1/imports/code/N_digit_BCD_adder.vhd:63]
INFO: [Synth 8-3491] module 'BCD_adder' declared at 'E:/courses/University_courses/Design_Automation/project/project_2/project_2.srcs/sources_1/imports/code/BCD_adder.vhd:5' bound to instance 'BCD' of component 'BCD_adder' [E:/courses/University_courses/Design_Automation/project/project_2/project_2.srcs/sources_1/imports/code/N_digit_BCD_adder.vhd:63]
INFO: [Synth 8-3491] module 'BCD_adder' declared at 'E:/courses/University_courses/Design_Automation/project/project_2/project_2.srcs/sources_1/imports/code/BCD_adder.vhd:5' bound to instance 'BCD' of component 'BCD_adder' [E:/courses/University_courses/Design_Automation/project/project_2/project_2.srcs/sources_1/imports/code/N_digit_BCD_adder.vhd:63]
INFO: [Synth 8-3491] module 'BCD_adder' declared at 'E:/courses/University_courses/Design_Automation/project/project_2/project_2.srcs/sources_1/imports/code/BCD_adder.vhd:5' bound to instance 'BCD' of component 'BCD_adder' [E:/courses/University_courses/Design_Automation/project/project_2/project_2.srcs/sources_1/imports/code/N_digit_BCD_adder.vhd:63]
INFO: [Synth 8-3491] module 'BCD_adder' declared at 'E:/courses/University_courses/Design_Automation/project/project_2/project_2.srcs/sources_1/imports/code/BCD_adder.vhd:5' bound to instance 'BCD' of component 'BCD_adder' [E:/courses/University_courses/Design_Automation/project/project_2/project_2.srcs/sources_1/imports/code/N_digit_BCD_adder.vhd:63]
INFO: [Common 17-14] Message 'Synth 8-3491' appears 100 times and further instances of the messages will be disabled. Use the Tcl command set_msg_config to change the current settings.
INFO: [Synth 8-256] done synthesizing module 'N_digit_BCD_adder__parameterized8' (8#1) [E:/courses/University_courses/Design_Automation/project/project_2/project_2.srcs/sources_1/imports/code/N_digit_BCD_adder.vhd:45]
INFO: [Synth 8-256] done synthesizing module 'BCD_8x8_multiplier' (9#1) [E:/courses/University_courses/Design_Automation/project/project_2/project_2.srcs/sources_1/imports/code/BCD_8x8_multiplier.vhd:145]
WARNING: [Synth 8-3331] design BCD_8x8_multiplier has unconnected port clk
WARNING: [Synth 8-3331] design BCD_8x8_multiplier has unconnected port rst
---------------------------------------------------------------------------------
Finished Synthesize : Time (s): cpu = 00:00:30 ; elapsed = 00:00:37 . Memory (MB): peak = 505.738 ; gain = 334.984
---------------------------------------------------------------------------------
---------------------------------------------------------------------------------
Finished Constraint Validation : Time (s): cpu = 00:00:30 ; elapsed = 00:00:37 . Memory (MB): peak = 505.738 ; gain = 334.984
---------------------------------------------------------------------------------
---------------------------------------------------------------------------------
Start Loading Part and Timing Information
---------------------------------------------------------------------------------
Loading part: xc7vx485tffg1761-2
---------------------------------------------------------------------------------
Finished Loading Part and Timing Information : Time (s): cpu = 00:00:30 ; elapsed = 00:00:37 . Memory (MB): peak = 505.738 ; gain = 334.984
---------------------------------------------------------------------------------
INFO: [Device 21-403] Loading part xc7vx485tffg1761-2
---------------------------------------------------------------------------------
Finished RTL Optimization Phase 2 : Time (s): cpu = 00:00:32 ; elapsed = 00:00:38 . Memory (MB): peak = 505.738 ; gain = 334.984
---------------------------------------------------------------------------------

Report RTL Partitions: 
+-+--------------+------------+----------+
| |RTL Partition |Replication |Instances |
+-+--------------+------------+----------+
+-+--------------+------------+----------+
No constraint files found.
---------------------------------------------------------------------------------
Start RTL Component Statistics 
---------------------------------------------------------------------------------
Detailed RTL Component Info : 
+---Adders : 
	   3 Input      5 Bit       Adders := 148   
	   2 Input      4 Bit       Adders := 916   
	   2 Input      2 Bit       Adders := 128   
	   3 Input      2 Bit       Adders := 1216  
+---Muxes : 
	   2 Input      4 Bit        Muxes := 596   
---------------------------------------------------------------------------------
Finished RTL Component Statistics 
---------------------------------------------------------------------------------
---------------------------------------------------------------------------------
Start RTL Hierarchical Component Statistics 
---------------------------------------------------------------------------------
Hierarchical RTL Component report 
Module half_adder 
Detailed RTL Component Info : 
+---Adders : 
	   2 Input      2 Bit       Adders := 1     
Module full_adder 
Detailed RTL Component Info : 
+---Adders : 
	   3 Input      2 Bit       Adders := 1     
Module BinaryToBCD 
Detailed RTL Component Info : 
+---Adders : 
	   2 Input      4 Bit       Adders := 12    
+---Muxes : 
	   2 Input      4 Bit        Muxes := 7     
Module BCD_adder 
Detailed RTL Component Info : 
+---Adders : 
	   3 Input      5 Bit       Adders := 1     
	   2 Input      4 Bit       Adders := 1     
+---Muxes : 
	   2 Input      4 Bit        Muxes := 1     
---------------------------------------------------------------------------------
Finished RTL Hierarchical Component Statistics
---------------------------------------------------------------------------------
---------------------------------------------------------------------------------
Start Part Resource Summary
---------------------------------------------------------------------------------
Part Resources:
DSPs: 2800 (col length:140)
BRAMs: 2060 (col length: RAMB18 140 RAMB36 70)
---------------------------------------------------------------------------------
Finished Part Resource Summary
---------------------------------------------------------------------------------
Start Parallel Synthesis Optimization  : Time (s): cpu = 00:01:04 ; elapsed = 00:01:15 . Memory (MB): peak = 723.766 ; gain = 553.012
---------------------------------------------------------------------------------
Start Cross Boundary Optimization
---------------------------------------------------------------------------------
WARNING: [Synth 8-3331] design BCD_8x8_multiplier has unconnected port clk
WARNING: [Synth 8-3331] design BCD_8x8_multiplier has unconnected port rst
---------------------------------------------------------------------------------
Finished Cross Boundary Optimization : Time (s): cpu = 00:01:52 ; elapsed = 00:02:04 . Memory (MB): peak = 723.766 ; gain = 553.012
---------------------------------------------------------------------------------
Finished Parallel Reinference  : Time (s): cpu = 00:01:52 ; elapsed = 00:02:04 . Memory (MB): peak = 723.766 ; gain = 553.012

Report RTL Partitions: 
+-+--------------+------------+----------+
| |RTL Partition |Replication |Instances |
+-+--------------+------------+----------+
+-+--------------+------------+----------+
No constraint files found.
---------------------------------------------------------------------------------
Start Area Optimization
---------------------------------------------------------------------------------
---------------------------------------------------------------------------------
Finished Area Optimization : Time (s): cpu = 00:03:20 ; elapsed = 00:03:36 . Memory (MB): peak = 858.734 ; gain = 687.980
---------------------------------------------------------------------------------
Finished Parallel Area Optimization  : Time (s): cpu = 00:03:20 ; elapsed = 00:03:36 . Memory (MB): peak = 858.734 ; gain = 687.980

Report RTL Partitions: 
+-+--------------+------------+----------+
| |RTL Partition |Replication |Instances |
+-+--------------+------------+----------+
+-+--------------+------------+----------+
---------------------------------------------------------------------------------
Start Timing Optimization
---------------------------------------------------------------------------------
No constraint files found.
---------------------------------------------------------------------------------
Finished Timing Optimization : Time (s): cpu = 00:03:20 ; elapsed = 00:03:36 . Memory (MB): peak = 858.734 ; gain = 687.980
---------------------------------------------------------------------------------

Report RTL Partitions: 
+-+--------------+------------+----------+
| |RTL Partition |Replication |Instances |
+-+--------------+------------+----------+
+-+--------------+------------+----------+
---------------------------------------------------------------------------------
Start Technology Mapping
---------------------------------------------------------------------------------
---------------------------------------------------------------------------------
Finished Technology Mapping : Time (s): cpu = 00:03:33 ; elapsed = 00:03:50 . Memory (MB): peak = 1127.863 ; gain = 957.109
---------------------------------------------------------------------------------
Finished Parallel Technology Mapping Optimization  : Time (s): cpu = 00:03:33 ; elapsed = 00:03:50 . Memory (MB): peak = 1127.863 ; gain = 957.109

Report RTL Partitions: 
+-+--------------+------------+----------+
| |RTL Partition |Replication |Instances |
+-+--------------+------------+----------+
+-+--------------+------------+----------+
Finished Parallel Synthesis Optimization  : Time (s): cpu = 00:03:33 ; elapsed = 00:03:50 . Memory (MB): peak = 1127.863 ; gain = 957.109
---------------------------------------------------------------------------------
Start IO Insertion
---------------------------------------------------------------------------------
---------------------------------------------------------------------------------
Start Flattening Before IO Insertion
---------------------------------------------------------------------------------
---------------------------------------------------------------------------------
Finished Flattening Before IO Insertion
---------------------------------------------------------------------------------
---------------------------------------------------------------------------------
Start Final Netlist Cleanup
---------------------------------------------------------------------------------
---------------------------------------------------------------------------------
Finished Final Netlist Cleanup
---------------------------------------------------------------------------------
---------------------------------------------------------------------------------
Finished IO Insertion : Time (s): cpu = 00:03:36 ; elapsed = 00:03:53 . Memory (MB): peak = 1127.863 ; gain = 957.109
---------------------------------------------------------------------------------

Report Check Netlist: 
+------+------------------+-------+---------+-------+------------------+
|      |Item              |Errors |Warnings |Status |Description       |
+------+------------------+-------+---------+-------+------------------+
|1     |multi_driven_nets |      0|        0|Passed |Multi driven nets |
+------+------------------+-------+---------+-------+------------------+
---------------------------------------------------------------------------------
Start Renaming Generated Instances
---------------------------------------------------------------------------------
---------------------------------------------------------------------------------
Finished Renaming Generated Instances : Time (s): cpu = 00:03:36 ; elapsed = 00:03:53 . Memory (MB): peak = 1127.863 ; gain = 957.109
---------------------------------------------------------------------------------

Report RTL Partitions: 
+-+--------------+------------+----------+
| |RTL Partition |Replication |Instances |
+-+--------------+------------+----------+
+-+--------------+------------+----------+
---------------------------------------------------------------------------------
Start Rebuilding User Hierarchy
---------------------------------------------------------------------------------
---------------------------------------------------------------------------------
Finished Rebuilding User Hierarchy : Time (s): cpu = 00:03:36 ; elapsed = 00:03:53 . Memory (MB): peak = 1127.863 ; gain = 957.109
---------------------------------------------------------------------------------
---------------------------------------------------------------------------------
Start Renaming Generated Ports
---------------------------------------------------------------------------------
---------------------------------------------------------------------------------
Finished Renaming Generated Ports : Time (s): cpu = 00:03:36 ; elapsed = 00:03:53 . Memory (MB): peak = 1127.863 ; gain = 957.109
---------------------------------------------------------------------------------
---------------------------------------------------------------------------------
Start Handling Custom Attributes
---------------------------------------------------------------------------------
---------------------------------------------------------------------------------
Finished Handling Custom Attributes : Time (s): cpu = 00:03:37 ; elapsed = 00:03:54 . Memory (MB): peak = 1127.863 ; gain = 957.109
---------------------------------------------------------------------------------
---------------------------------------------------------------------------------
Start Renaming Generated Nets
---------------------------------------------------------------------------------
---------------------------------------------------------------------------------
Finished Renaming Generated Nets : Time (s): cpu = 00:03:37 ; elapsed = 00:03:54 . Memory (MB): peak = 1127.863 ; gain = 957.109
---------------------------------------------------------------------------------
---------------------------------------------------------------------------------
Start Writing Synthesis Report
---------------------------------------------------------------------------------

Report BlackBoxes: 
+-+--------------+----------+
| |BlackBox name |Instances |
+-+--------------+----------+
+-+--------------+----------+

Report Cell Usage: 
+------+-----+------+
|      |Cell |Count |
+------+-----+------+
|1     |LUT2 |   369|
|2     |LUT3 |   204|
|3     |LUT4 |   485|
|4     |LUT5 |   464|
|5     |LUT6 |  1828|
|6     |IBUF |    64|
|7     |OBUF |    68|
+------+-----+------+

Report Instance Areas: 
+------+---------+-------+------+
|      |Instance |Module |Cells |
+------+---------+-------+------+
|1     |top      |       |  3482|
+------+---------+-------+------+
---------------------------------------------------------------------------------
Finished Writing Synthesis Report : Time (s): cpu = 00:03:37 ; elapsed = 00:03:54 . Memory (MB): peak = 1127.863 ; gain = 957.109
---------------------------------------------------------------------------------
Synthesis finished with 0 errors, 0 critical warnings and 23 warnings.
Synthesis Optimization Runtime : Time (s): cpu = 00:03:24 ; elapsed = 00:03:35 . Memory (MB): peak = 1127.863 ; gain = 622.125
Synthesis Optimization Complete : Time (s): cpu = 00:03:37 ; elapsed = 00:03:54 . Memory (MB): peak = 1127.863 ; gain = 957.109
INFO: [Project 1-571] Translating synthesized netlist
INFO: [Netlist 29-17] Analyzing 64 Unisim elements for replacement
INFO: [Netlist 29-28] Unisim Transformation completed in 1 CPU seconds
WARNING: [Netlist 29-101] Netlist 'BCD_8x8_multiplier' is not ideal for floorplanning, since the cellview 'BCD_8x8_multiplier' contains a large number of primitives.  Please consider enabling hierarchy in synthesis if you want to do floorplanning.
INFO: [Project 1-570] Preparing netlist for logic optimization
INFO: [Opt 31-138] Pushed 0 inverter(s) to 0 load pin(s).
INFO: [Project 1-111] Unisim Transformation Summary:
No Unisim elements were transformed.

INFO: [Common 17-83] Releasing license: Synthesis
134 Infos, 24 Warnings, 0 Critical Warnings and 0 Errors encountered.
synth_design completed successfully
synth_design: Time (s): cpu = 00:03:42 ; elapsed = 00:03:57 . Memory (MB): peak = 1127.863 ; gain = 923.066
report_utilization: Time (s): cpu = 00:00:01 ; elapsed = 00:00:00.251 . Memory (MB): peak = 1127.863 ; gain = 0.000
INFO: [Common 17-206] Exiting Vivado at Sun May 21 19:59:49 2017...
