INFO: [VRFC 10-2263] Analyzing Verilog file "E:/courses/University_courses/Design_Automation/project/project_2/project_2.ip_user_files/bd/design_1/ip/design_1_clk_wiz_1_0/design_1_clk_wiz_1_0_clk_wiz.v" into library xil_defaultlib
INFO: [VRFC 10-311] analyzing module design_1_clk_wiz_1_0_clk_wiz
INFO: [VRFC 10-2458] undeclared symbol clk_in1_design_1_clk_wiz_1_0, assumed default net type wire [E:/courses/University_courses/Design_Automation/project/project_2/project_2.ip_user_files/bd/design_1/ip/design_1_clk_wiz_1_0/design_1_clk_wiz_1_0_clk_wiz.v:81]
INFO: [VRFC 10-2458] undeclared symbol clk_out1_design_1_clk_wiz_1_0, assumed default net type wire [E:/courses/University_courses/Design_Automation/project/project_2/project_2.ip_user_files/bd/design_1/ip/design_1_clk_wiz_1_0/design_1_clk_wiz_1_0_clk_wiz.v:133]
INFO: [VRFC 10-2263] Analyzing Verilog file "E:/courses/University_courses/Design_Automation/project/project_2/project_2.ip_user_files/bd/design_1/ip/design_1_clk_wiz_1_0/design_1_clk_wiz_1_0.v" into library xil_defaultlib
INFO: [VRFC 10-311] analyzing module design_1_clk_wiz_1_0
INFO: [VRFC 10-2263] Analyzing Verilog file "E:/courses/University_courses/Design_Automation/project/project_2/project_2.ip_user_files/ipstatic/generic_baseblocks_v2_1/hdl/verilog/generic_baseblocks_v2_1_carry_and.v" into library generic_baseblocks_v2_1_0
INFO: [VRFC 10-311] analyzing module generic_baseblocks_v2_1_0_carry_and
INFO: [VRFC 10-2263] Analyzing Verilog file "E:/courses/University_courses/Design_Automation/project/project_2/project_2.ip_user_files/ipstatic/generic_baseblocks_v2_1/hdl/verilog/generic_baseblocks_v2_1_carry_latch_and.v" into library generic_baseblocks_v2_1_0
INFO: [VRFC 10-311] analyzing module generic_baseblocks_v2_1_0_carry_latch_and
INFO: [VRFC 10-2263] Analyzing Verilog file "E:/courses/University_courses/Design_Automation/project/project_2/project_2.ip_user_files/ipstatic/generic_baseblocks_v2_1/hdl/verilog/generic_baseblocks_v2_1_carry_latch_or.v" into library generic_baseblocks_v2_1_0
INFO: [VRFC 10-311] analyzing module generic_baseblocks_v2_1_0_carry_latch_or
INFO: [VRFC 10-2263] Analyzing Verilog file "E:/courses/University_courses/Design_Automation/project/project_2/project_2.ip_user_files/ipstatic/generic_baseblocks_v2_1/hdl/verilog/generic_baseblocks_v2_1_carry_or.v" into library generic_baseblocks_v2_1_0
INFO: [VRFC 10-311] analyzing module generic_baseblocks_v2_1_0_carry_or
INFO: [VRFC 10-2263] Analyzing Verilog file "E:/courses/University_courses/Design_Automation/project/project_2/project_2.ip_user_files/ipstatic/generic_baseblocks_v2_1/hdl/verilog/generic_baseblocks_v2_1_carry.v" into library generic_baseblocks_v2_1_0
INFO: [VRFC 10-311] analyzing module generic_baseblocks_v2_1_0_carry
INFO: [VRFC 10-2263] Analyzing Verilog file "E:/courses/University_courses/Design_Automation/project/project_2/project_2.ip_user_files/ipstatic/generic_baseblocks_v2_1/hdl/verilog/generic_baseblocks_v2_1_command_fifo.v" into library generic_baseblocks_v2_1_0
INFO: [VRFC 10-311] analyzing module generic_baseblocks_v2_1_0_command_fifo
INFO: [VRFC 10-2263] Analyzing Verilog file "E:/courses/University_courses/Design_Automation/project/project_2/project_2.ip_user_files/ipstatic/generic_baseblocks_v2_1/hdl/verilog/generic_baseblocks_v2_1_comparator_mask_static.v" into library generic_baseblocks_v2_1_0
INFO: [VRFC 10-311] analyzing module generic_baseblocks_v2_1_0_comparator_mask_static
INFO: [VRFC 10-2263] Analyzing Verilog file "E:/courses/University_courses/Design_Automation/project/project_2/project_2.ip_user_files/ipstatic/generic_baseblocks_v2_1/hdl/verilog/generic_baseblocks_v2_1_comparator_mask.v" into library generic_baseblocks_v2_1_0
INFO: [VRFC 10-311] analyzing module generic_baseblocks_v2_1_0_comparator_mask
INFO: [VRFC 10-2263] Analyzing Verilog file "E:/courses/University_courses/Design_Automation/project/project_2/project_2.ip_user_files/ipstatic/generic_baseblocks_v2_1/hdl/verilog/generic_baseblocks_v2_1_comparator_sel_mask_static.v" into library generic_baseblocks_v2_1_0
INFO: [VRFC 10-311] analyzing module generic_baseblocks_v2_1_0_comparator_sel_mask_static
INFO: [VRFC 10-2263] Analyzing Verilog file "E:/courses/University_courses/Design_Automation/project/project_2/project_2.ip_user_files/ipstatic/generic_baseblocks_v2_1/hdl/verilog/generic_baseblocks_v2_1_comparator_sel_mask.v" into library generic_baseblocks_v2_1_0
INFO: [VRFC 10-311] analyzing module generic_baseblocks_v2_1_0_comparator_sel_mask
INFO: [VRFC 10-2263] Analyzing Verilog file "E:/courses/University_courses/Design_Automation/project/project_2/project_2.ip_user_files/ipstatic/generic_baseblocks_v2_1/hdl/verilog/generic_baseblocks_v2_1_comparator_sel_static.v" into library generic_baseblocks_v2_1_0
INFO: [VRFC 10-311] analyzing module generic_baseblocks_v2_1_0_comparator_sel_static
INFO: [VRFC 10-2263] Analyzing Verilog file "E:/courses/University_courses/Design_Automation/project/project_2/project_2.ip_user_files/ipstatic/generic_baseblocks_v2_1/hdl/verilog/generic_baseblocks_v2_1_comparator_sel.v" into library generic_baseblocks_v2_1_0
INFO: [VRFC 10-311] analyzing module generic_baseblocks_v2_1_0_comparator_sel
INFO: [VRFC 10-2263] Analyzing Verilog file "E:/courses/University_courses/Design_Automation/project/project_2/project_2.ip_user_files/ipstatic/generic_baseblocks_v2_1/hdl/verilog/generic_baseblocks_v2_1_comparator_static.v" into library generic_baseblocks_v2_1_0
INFO: [VRFC 10-311] analyzing module generic_baseblocks_v2_1_0_comparator_static
INFO: [VRFC 10-2263] Analyzing Verilog file "E:/courses/University_courses/Design_Automation/project/project_2/project_2.ip_user_files/ipstatic/generic_baseblocks_v2_1/hdl/verilog/generic_baseblocks_v2_1_comparator.v" into library generic_baseblocks_v2_1_0
INFO: [VRFC 10-311] analyzing module generic_baseblocks_v2_1_0_comparator
INFO: [VRFC 10-2263] Analyzing Verilog file "E:/courses/University_courses/Design_Automation/project/project_2/project_2.ip_user_files/ipstatic/generic_baseblocks_v2_1/hdl/verilog/generic_baseblocks_v2_1_mux_enc.v" into library generic_baseblocks_v2_1_0
INFO: [VRFC 10-311] analyzing module generic_baseblocks_v2_1_0_mux_enc
INFO: [VRFC 10-2263] Analyzing Verilog file "E:/courses/University_courses/Design_Automation/project/project_2/project_2.ip_user_files/ipstatic/generic_baseblocks_v2_1/hdl/verilog/generic_baseblocks_v2_1_mux.v" into library generic_baseblocks_v2_1_0
INFO: [VRFC 10-311] analyzing module generic_baseblocks_v2_1_0_mux
INFO: [VRFC 10-2263] Analyzing Verilog file "E:/courses/University_courses/Design_Automation/project/project_2/project_2.ip_user_files/ipstatic/generic_baseblocks_v2_1/hdl/verilog/generic_baseblocks_v2_1_nto1_mux.v" into library generic_baseblocks_v2_1_0
INFO: [VRFC 10-311] analyzing module generic_baseblocks_v2_1_0_nto1_mux
INFO: [VRFC 10-2263] Analyzing Verilog file "E:/courses/University_courses/Design_Automation/project/project_2/project_2.ip_user_files/ipstatic/axi_infrastructure_v1_1/hdl/verilog/axi_infrastructure_v1_1_axi2vector.v" into library axi_infrastructure_v1_1_0
INFO: [VRFC 10-311] analyzing module axi_infrastructure_v1_1_0_axi2vector
INFO: [VRFC 10-2263] Analyzing Verilog file "E:/courses/University_courses/Design_Automation/project/project_2/project_2.ip_user_files/ipstatic/axi_infrastructure_v1_1/hdl/verilog/axi_infrastructure_v1_1_axic_srl_fifo.v" into library axi_infrastructure_v1_1_0
INFO: [VRFC 10-311] analyzing module axi_infrastructure_v1_1_0_axic_srl_fifo
INFO: [VRFC 10-2263] Analyzing Verilog file "E:/courses/University_courses/Design_Automation/project/project_2/project_2.ip_user_files/ipstatic/axi_infrastructure_v1_1/hdl/verilog/axi_infrastructure_v1_1_vector2axi.v" into library axi_infrastructure_v1_1_0
INFO: [VRFC 10-311] analyzing module axi_infrastructure_v1_1_0_vector2axi
INFO: [VRFC 10-2263] Analyzing Verilog file "E:/courses/University_courses/Design_Automation/project/project_2/project_2.ip_user_files/ipstatic/axi_register_slice_v2_1/hdl/verilog/axi_register_slice_v2_1_axic_register_slice.v" into library axi_register_slice_v2_1_7
INFO: [VRFC 10-311] analyzing module axi_register_slice_v2_1_7_axic_register_slice
INFO: [VRFC 10-2263] Analyzing Verilog file "E:/courses/University_courses/Design_Automation/project/project_2/project_2.ip_user_files/ipstatic/axi_register_slice_v2_1/hdl/verilog/axi_register_slice_v2_1_axi_register_slice.v" into library axi_register_slice_v2_1_7
INFO: [VRFC 10-311] analyzing module axi_register_slice_v2_1_7_axi_register_slice
INFO: [VRFC 10-2263] Analyzing Verilog file "E:/courses/University_courses/Design_Automation/project/project_2/project_2.ip_user_files/ipstatic/axi_data_fifo_v2_1/hdl/verilog/axi_data_fifo_v2_1_axic_fifo.v" into library axi_data_fifo_v2_1_6
INFO: [VRFC 10-311] analyzing module axi_data_fifo_v2_1_6_axic_fifo
INFO: [VRFC 10-2263] Analyzing Verilog file "E:/courses/University_courses/Design_Automation/project/project_2/project_2.ip_user_files/ipstatic/axi_data_fifo_v2_1/hdl/verilog/axi_data_fifo_v2_1_fifo_gen.v" into library axi_data_fifo_v2_1_6
INFO: [VRFC 10-311] analyzing module axi_data_fifo_v2_1_6_fifo_gen
INFO: [VRFC 10-2263] Analyzing Verilog file "E:/courses/University_courses/Design_Automation/project/project_2/project_2.ip_user_files/ipstatic/axi_data_fifo_v2_1/hdl/verilog/axi_data_fifo_v2_1_axic_srl_fifo.v" into library axi_data_fifo_v2_1_6
INFO: [VRFC 10-311] analyzing module axi_data_fifo_v2_1_6_axic_srl_fifo
INFO: [VRFC 10-2263] Analyzing Verilog file "E:/courses/University_courses/Design_Automation/project/project_2/project_2.ip_user_files/ipstatic/axi_data_fifo_v2_1/hdl/verilog/axi_data_fifo_v2_1_axic_reg_srl_fifo.v" into library axi_data_fifo_v2_1_6
INFO: [VRFC 10-311] analyzing module axi_data_fifo_v2_1_6_axic_reg_srl_fifo
INFO: [VRFC 10-2263] Analyzing Verilog file "E:/courses/University_courses/Design_Automation/project/project_2/project_2.ip_user_files/ipstatic/axi_data_fifo_v2_1/hdl/verilog/axi_data_fifo_v2_1_ndeep_srl.v" into library axi_data_fifo_v2_1_6
INFO: [VRFC 10-311] analyzing module axi_data_fifo_v2_1_6_ndeep_srl
INFO: [VRFC 10-2263] Analyzing Verilog file "E:/courses/University_courses/Design_Automation/project/project_2/project_2.ip_user_files/ipstatic/axi_data_fifo_v2_1/hdl/verilog/axi_data_fifo_v2_1_axi_data_fifo.v" into library axi_data_fifo_v2_1_6
INFO: [VRFC 10-311] analyzing module axi_data_fifo_v2_1_6_axi_data_fifo
INFO: [VRFC 10-2263] Analyzing Verilog file "E:/courses/University_courses/Design_Automation/project/project_2/project_2.ip_user_files/ipstatic/axi_crossbar_v2_1/hdl/verilog/axi_crossbar_v2_1_addr_arbiter_sasd.v" into library axi_crossbar_v2_1_8
INFO: [VRFC 10-311] analyzing module axi_crossbar_v2_1_8_addr_arbiter_sasd
INFO: [VRFC 10-2263] Analyzing Verilog file "E:/courses/University_courses/Design_Automation/project/project_2/project_2.ip_user_files/ipstatic/axi_crossbar_v2_1/hdl/verilog/axi_crossbar_v2_1_addr_arbiter.v" into library axi_crossbar_v2_1_8
INFO: [VRFC 10-311] analyzing module axi_crossbar_v2_1_8_addr_arbiter
INFO: [VRFC 10-2263] Analyzing Verilog file "E:/courses/University_courses/Design_Automation/project/project_2/project_2.ip_user_files/ipstatic/axi_crossbar_v2_1/hdl/verilog/axi_crossbar_v2_1_addr_decoder.v" into library axi_crossbar_v2_1_8
INFO: [VRFC 10-311] analyzing module axi_crossbar_v2_1_8_addr_decoder
INFO: [VRFC 10-2263] Analyzing Verilog file "E:/courses/University_courses/Design_Automation/project/project_2/project_2.ip_user_files/ipstatic/axi_crossbar_v2_1/hdl/verilog/axi_crossbar_v2_1_arbiter_resp.v" into library axi_crossbar_v2_1_8
INFO: [VRFC 10-311] analyzing module axi_crossbar_v2_1_8_arbiter_resp
INFO: [VRFC 10-2263] Analyzing Verilog file "E:/courses/University_courses/Design_Automation/project/project_2/project_2.ip_user_files/ipstatic/axi_crossbar_v2_1/hdl/verilog/axi_crossbar_v2_1_crossbar_sasd.v" into library axi_crossbar_v2_1_8
INFO: [VRFC 10-311] analyzing module axi_crossbar_v2_1_8_crossbar_sasd
INFO: [VRFC 10-2263] Analyzing Verilog file "E:/courses/University_courses/Design_Automation/project/project_2/project_2.ip_user_files/ipstatic/axi_crossbar_v2_1/hdl/verilog/axi_crossbar_v2_1_crossbar.v" into library axi_crossbar_v2_1_8
INFO: [VRFC 10-311] analyzing module axi_crossbar_v2_1_8_crossbar
INFO: [VRFC 10-2263] Analyzing Verilog file "E:/courses/University_courses/Design_Automation/project/project_2/project_2.ip_user_files/ipstatic/axi_crossbar_v2_1/hdl/verilog/axi_crossbar_v2_1_decerr_slave.v" into library axi_crossbar_v2_1_8
INFO: [VRFC 10-311] analyzing module axi_crossbar_v2_1_8_decerr_slave
INFO: [VRFC 10-2263] Analyzing Verilog file "E:/courses/University_courses/Design_Automation/project/project_2/project_2.ip_user_files/ipstatic/axi_crossbar_v2_1/hdl/verilog/axi_crossbar_v2_1_si_transactor.v" into library axi_crossbar_v2_1_8
INFO: [VRFC 10-311] analyzing module axi_crossbar_v2_1_8_si_transactor
INFO: [VRFC 10-2263] Analyzing Verilog file "E:/courses/University_courses/Design_Automation/project/project_2/project_2.ip_user_files/ipstatic/axi_crossbar_v2_1/hdl/verilog/axi_crossbar_v2_1_splitter.v" into library axi_crossbar_v2_1_8
INFO: [VRFC 10-311] analyzing module axi_crossbar_v2_1_8_splitter
INFO: [VRFC 10-2263] Analyzing Verilog file "E:/courses/University_courses/Design_Automation/project/project_2/project_2.ip_user_files/ipstatic/axi_crossbar_v2_1/hdl/verilog/axi_crossbar_v2_1_wdata_mux.v" into library axi_crossbar_v2_1_8
INFO: [VRFC 10-311] analyzing module axi_crossbar_v2_1_8_wdata_mux
INFO: [VRFC 10-2263] Analyzing Verilog file "E:/courses/University_courses/Design_Automation/project/project_2/project_2.ip_user_files/ipstatic/axi_crossbar_v2_1/hdl/verilog/axi_crossbar_v2_1_wdata_router.v" into library axi_crossbar_v2_1_8
INFO: [VRFC 10-311] analyzing module axi_crossbar_v2_1_8_wdata_router
INFO: [VRFC 10-2263] Analyzing Verilog file "E:/courses/University_courses/Design_Automation/project/project_2/project_2.ip_user_files/ipstatic/axi_crossbar_v2_1/hdl/verilog/axi_crossbar_v2_1_axi_crossbar.v" into library axi_crossbar_v2_1_8
INFO: [VRFC 10-311] analyzing module axi_crossbar_v2_1_8_axi_crossbar
INFO: [VRFC 10-2263] Analyzing Verilog file "E:/courses/University_courses/Design_Automation/project/project_2/project_2.ip_user_files/bd/design_1/ip/design_1_xbar_0/sim/design_1_xbar_0.v" into library xil_defaultlib
INFO: [VRFC 10-311] analyzing module design_1_xbar_0
INFO: [VRFC 10-2263] Analyzing Verilog file "E:/courses/University_courses/Design_Automation/project/project_2/project_2.sim/sim_1/behav/glbl.v" into library xil_defaultlib
INFO: [VRFC 10-311] analyzing module glbl
