


ARM Macro Assembler    Page 1 


    1 00000000         ; * ----------------------------------------------------
                       -----------------------------------
    2 00000000         ; *  @file:    startup_MKL25Z4.s
    3 00000000         ; *  @purpose: CMSIS Cortex-M0P Core Device Startup File
                       
    4 00000000         ; *            MKL25Z4
    5 00000000         ; *  @version: 2.5
    6 00000000         ; *  @date:    2015-2-19
    7 00000000         ; *  @build:   b150602
    8 00000000         ; * ----------------------------------------------------
                       -----------------------------------
    9 00000000         ; *
   10 00000000         ; * Copyright (c) 1997 - 2015 , Freescale Semiconductor,
                        Inc.
   11 00000000         ; * All rights reserved.
   12 00000000         ; *
   13 00000000         ; * Redistribution and use in source and binary forms, w
                       ith or without modification,
   14 00000000         ; * are permitted provided that the following conditions
                        are met:
   15 00000000         ; *
   16 00000000         ; * o Redistributions of source code must retain the abo
                       ve copyright notice, this list
   17 00000000         ; *   of conditions and the following disclaimer.
   18 00000000         ; *
   19 00000000         ; * o Redistributions in binary form must reproduce the 
                       above copyright notice, this
   20 00000000         ; *   list of conditions and the following disclaimer in
                        the documentation and/or
   21 00000000         ; *   other materials provided with the distribution.
   22 00000000         ; *
   23 00000000         ; * o Neither the name of Freescale Semiconductor, Inc. 
                       nor the names of its
   24 00000000         ; *   contributors may be used to endorse or promote pro
                       ducts derived from this
   25 00000000         ; *   software without specific prior written permission
                       .
   26 00000000         ; *
   27 00000000         ; * THIS SOFTWARE IS PROVIDED BY THE COPYRIGHT HOLDERS A
                       ND CONTRIBUTORS "AS IS" AND
   28 00000000         ; * ANY EXPRESS OR IMPLIED WARRANTIES, INCLUDING, BUT NO
                       T LIMITED TO, THE IMPLIED
   29 00000000         ; * WARRANTIES OF MERCHANTABILITY AND FITNESS FOR A PART
                       ICULAR PURPOSE ARE
   30 00000000         ; * DISCLAIMED. IN NO EVENT SHALL THE COPYRIGHT HOLDER O
                       R CONTRIBUTORS BE LIABLE FOR
   31 00000000         ; * ANY DIRECT, INDIRECT, INCIDENTAL, SPECIAL, EXEMPLARY
                       , OR CONSEQUENTIAL DAMAGES
   32 00000000         ; * (INCLUDING, BUT NOT LIMITED TO, PROCUREMENT OF SUBST
                       ITUTE GOODS OR SERVICES;
   33 00000000         ; * LOSS OF USE, DATA, OR PROFITS; OR BUSINESS INTERRUPT
                       ION) HOWEVER CAUSED AND ON
   34 00000000         ; * ANY THEORY OF LIABILITY, WHETHER IN CONTRACT, STRICT
                        LIABILITY, OR TORT
   35 00000000         ; * (INCLUDING NEGLIGENCE OR OTHERWISE) ARISING IN ANY W
                       AY OUT OF THE USE OF THIS
   36 00000000         ; * SOFTWARE, EVEN IF ADVISED OF THE POSSIBILITY OF SUCH
                        DAMAGE.
   37 00000000         ; *



ARM Macro Assembler    Page 2 


   38 00000000         ; *------- <<< Use Configuration Wizard in Context Menu 
                       >>> ------------------
   39 00000000         ; *
   40 00000000         ; ******************************************************
                       ***********************/
   41 00000000         
   42 00000000         
   43 00000000         ; <h> Stack Configuration
   44 00000000         ;   <o> Stack Size (in Bytes) <0x0-0xFFFFFFFF:8>
   45 00000000         ; </h>
   46 00000000         
   47 00000000 00000100 
                       Stack_Size
                               EQU              0x00000100
   48 00000000         
   49 00000000                 AREA             STACK, NOINIT, READWRITE, ALIGN
=3
   50 00000000         Stack_Mem
                               SPACE            Stack_Size
   51 00000100         __initial_sp
   52 00000100         
   53 00000100         
   54 00000100         ; <h> Heap Configuration
   55 00000100         ;   <o>  Heap Size (in Bytes) <0x0-0xFFFFFFFF:8>
   56 00000100         ; </h>
   57 00000100         
   58 00000100 00000000 
                       Heap_Size
                               EQU              0x00000000
   59 00000100         
   60 00000100                 AREA             HEAP, NOINIT, READWRITE, ALIGN=
3
   61 00000000         __heap_base
   62 00000000         Heap_Mem
                               SPACE            Heap_Size
   63 00000000         __heap_limit
   64 00000000         
   65 00000000         
   66 00000000                 PRESERVE8
   67 00000000                 THUMB
   68 00000000         
   69 00000000         
   70 00000000         ; Vector Table Mapped to Address 0 at Reset
   71 00000000         
   72 00000000                 AREA             RESET, DATA, READONLY
   73 00000000                 EXPORT           __Vectors
   74 00000000                 EXPORT           __Vectors_End
   75 00000000                 EXPORT           __Vectors_Size
   76 00000000         
   77 00000000 00000000 
                       __Vectors
                               DCD              __initial_sp ; Top of Stack
   78 00000004 00000000        DCD              Reset_Handler ; Reset Handler
   79 00000008 00000000        DCD              NMI_Handler ;NMI Handler
   80 0000000C 00000000        DCD              HardFault_Handler 
                                                            ;Hard Fault Handler
                                                            
   81 00000010 00000000        DCD              0           ;Reserved
   82 00000014 00000000        DCD              0           ;Reserved



ARM Macro Assembler    Page 3 


   83 00000018 00000000        DCD              0           ;Reserved
   84 0000001C 00000000        DCD              0           ;Reserved
   85 00000020 00000000        DCD              0           ;Reserved
   86 00000024 00000000        DCD              0           ;Reserved
   87 00000028 00000000        DCD              0           ;Reserved
   88 0000002C 00000000        DCD              SVC_Handler ;SVCall Handler
   89 00000030 00000000        DCD              0           ;Reserved
   90 00000034 00000000        DCD              0           ;Reserved
   91 00000038 00000000        DCD              PendSV_Handler ;PendSV Handler
   92 0000003C 00000000        DCD              SysTick_Handler 
                                                            ;SysTick Handler
   93 00000040         
   94 00000040         ;External Interrupts
   95 00000040 00000000        DCD              DMA0_IRQHandler ;DMA channel 0 
                                                            transfer complete
   96 00000044 00000000        DCD              DMA1_IRQHandler ;DMA channel 1 
                                                            transfer complete
   97 00000048 00000000        DCD              DMA2_IRQHandler ;DMA channel 2 
                                                            transfer complete
   98 0000004C 00000000        DCD              DMA3_IRQHandler ;DMA channel 3 
                                                            transfer complete
   99 00000050 00000000        DCD              Reserved20_IRQHandler 
                                                            ;Reserved interrupt
                                                            
  100 00000054 00000000        DCD              FTFA_IRQHandler ;Command comple
                                                            te and read collisi
                                                            on
  101 00000058 00000000        DCD              LVD_LVW_IRQHandler ;Low-voltage
                                                             detect, low-voltag
                                                            e warning
  102 0000005C 00000000        DCD              LLWU_IRQHandler ;Low leakage wa
                                                            keup Unit
  103 00000060 00000000        DCD              I2C0_IRQHandler ;I2C0 interrupt
                                                            
  104 00000064 00000000        DCD              I2C1_IRQHandler ;I2C1 interrupt
                                                            
  105 00000068 00000000        DCD              SPI0_IRQHandler ;SPI0 single in
                                                            terrupt vector for 
                                                            all sources
  106 0000006C 00000000        DCD              SPI1_IRQHandler ;SPI1 single in
                                                            terrupt vector for 
                                                            all sources
  107 00000070 00000000        DCD              UART0_IRQHandler ;UART0 status 
                                                            and error
  108 00000074 00000000        DCD              UART1_IRQHandler ;UART1 status 
                                                            and error
  109 00000078 00000000        DCD              UART2_IRQHandler ;UART2 status 
                                                            and error
  110 0000007C 00000000        DCD              ADC0_IRQHandler ;ADC0 interrupt
                                                            
  111 00000080 00000000        DCD              CMP0_IRQHandler ;CMP0 interrupt
                                                            
  112 00000084 00000000        DCD              TPM0_IRQHandler ;TPM0 single in
                                                            terrupt vector for 
                                                            all sources
  113 00000088 00000000        DCD              TPM1_IRQHandler ;TPM1 single in
                                                            terrupt vector for 
                                                            all sources
  114 0000008C 00000000        DCD              TPM2_IRQHandler ;TPM2 single in



ARM Macro Assembler    Page 4 


                                                            terrupt vector for 
                                                            all sources
  115 00000090 00000000        DCD              RTC_IRQHandler ;RTC alarm
  116 00000094 00000000        DCD              RTC_Seconds_IRQHandler 
                                                            ;RTC seconds
  117 00000098 00000000        DCD              PIT_IRQHandler ;PIT interrupt
  118 0000009C 00000000        DCD              Reserved39_IRQHandler 
                                                            ;Reserved interrupt
                                                            
  119 000000A0 00000000        DCD              USB0_IRQHandler ;USB0 interrupt
                                                            
  120 000000A4 00000000        DCD              DAC0_IRQHandler ;DAC0 interrupt
                                                            
  121 000000A8 00000000        DCD              TSI0_IRQHandler ;TSI0 interrupt
                                                            
  122 000000AC 00000000        DCD              MCG_IRQHandler ;MCG interrupt
  123 000000B0 00000000        DCD              LPTMR0_IRQHandler 
                                                            ;LPTMR0 interrupt
  124 000000B4 00000000        DCD              Reserved45_IRQHandler 
                                                            ;Reserved interrupt
                                                            
  125 000000B8 00000000        DCD              PORTA_IRQHandler 
                                                            ;PORTA Pin detect
  126 000000BC 00000000        DCD              PORTD_IRQHandler 
                                                            ;PORTD Pin detect
  127 000000C0         __Vectors_End
  128 000000C0         
  129 000000C0 000000C0 
                       __Vectors_Size
                               EQU              __Vectors_End - __Vectors
  130 000000C0         
  131 000000C0         ; <h> Flash Configuration
  132 000000C0         ;   <i> 16-byte flash configuration field that stores de
                       fault protection settings (loaded on reset)
  133 000000C0         ;   <i> and security information that allows the MCU to 
                       restrict access to the FTFL module.
  134 000000C0         ;   <h> Backdoor Comparison Key
  135 000000C0         ;     <o0>  Backdoor Comparison Key 0.  <0x0-0xFF:2>
  136 000000C0         ;     <o1>  Backdoor Comparison Key 1.  <0x0-0xFF:2>
  137 000000C0         ;     <o2>  Backdoor Comparison Key 2.  <0x0-0xFF:2>
  138 000000C0         ;     <o3>  Backdoor Comparison Key 3.  <0x0-0xFF:2>
  139 000000C0         ;     <o4>  Backdoor Comparison Key 4.  <0x0-0xFF:2>
  140 000000C0         ;     <o5>  Backdoor Comparison Key 5.  <0x0-0xFF:2>
  141 000000C0         ;     <o6>  Backdoor Comparison Key 6.  <0x0-0xFF:2>
  142 000000C0         ;     <o7>  Backdoor Comparison Key 7.  <0x0-0xFF:2>
  143 000000C0 000000FF 
                       BackDoorK0
                               EQU              0xFF
  144 000000C0 000000FF 
                       BackDoorK1
                               EQU              0xFF
  145 000000C0 000000FF 
                       BackDoorK2
                               EQU              0xFF
  146 000000C0 000000FF 
                       BackDoorK3
                               EQU              0xFF
  147 000000C0 000000FF 
                       BackDoorK4



ARM Macro Assembler    Page 5 


                               EQU              0xFF
  148 000000C0 000000FF 
                       BackDoorK5
                               EQU              0xFF
  149 000000C0 000000FF 
                       BackDoorK6
                               EQU              0xFF
  150 000000C0 000000FF 
                       BackDoorK7
                               EQU              0xFF
  151 000000C0         ;   </h>
  152 000000C0         ;   <h> Program flash protection bytes (FPROT)
  153 000000C0         ;     <i> Each program flash region can be protected fro
                       m program and erase operation by setting the associated 
                       PROT bit.
  154 000000C0         ;     <i> Each bit protects a 1/32 region of the program
                        flash memory.
  155 000000C0         ;     <h> FPROT0
  156 000000C0         ;       <i> Program Flash Region Protect Register 0
  157 000000C0         ;       <i> 1/32 - 8/32 region
  158 000000C0         ;       <o.0>   FPROT0.0
  159 000000C0         ;       <o.1>   FPROT0.1
  160 000000C0         ;       <o.2>   FPROT0.2
  161 000000C0         ;       <o.3>   FPROT0.3
  162 000000C0         ;       <o.4>   FPROT0.4
  163 000000C0         ;       <o.5>   FPROT0.5
  164 000000C0         ;       <o.6>   FPROT0.6
  165 000000C0         ;       <o.7>   FPROT0.7
  166 000000C0 00000000 
                       nFPROT0 EQU              0x00
  167 000000C0 000000FF 
                       FPROT0  EQU              nFPROT0:EOR:0xFF
  168 000000C0         ;     </h>
  169 000000C0         ;     <h> FPROT1
  170 000000C0         ;       <i> Program Flash Region Protect Register 1
  171 000000C0         ;       <i> 9/32 - 16/32 region
  172 000000C0         ;       <o.0>   FPROT1.0
  173 000000C0         ;       <o.1>   FPROT1.1
  174 000000C0         ;       <o.2>   FPROT1.2
  175 000000C0         ;       <o.3>   FPROT1.3
  176 000000C0         ;       <o.4>   FPROT1.4
  177 000000C0         ;       <o.5>   FPROT1.5
  178 000000C0         ;       <o.6>   FPROT1.6
  179 000000C0         ;       <o.7>   FPROT1.7
  180 000000C0 00000000 
                       nFPROT1 EQU              0x00
  181 000000C0 000000FF 
                       FPROT1  EQU              nFPROT1:EOR:0xFF
  182 000000C0         ;     </h>
  183 000000C0         ;     <h> FPROT2
  184 000000C0         ;       <i> Program Flash Region Protect Register 2
  185 000000C0         ;       <i> 17/32 - 24/32 region
  186 000000C0         ;       <o.0>   FPROT2.0
  187 000000C0         ;       <o.1>   FPROT2.1
  188 000000C0         ;       <o.2>   FPROT2.2
  189 000000C0         ;       <o.3>   FPROT2.3
  190 000000C0         ;       <o.4>   FPROT2.4
  191 000000C0         ;       <o.5>   FPROT2.5
  192 000000C0         ;       <o.6>   FPROT2.6



ARM Macro Assembler    Page 6 


  193 000000C0         ;       <o.7>   FPROT2.7
  194 000000C0 00000000 
                       nFPROT2 EQU              0x00
  195 000000C0 000000FF 
                       FPROT2  EQU              nFPROT2:EOR:0xFF
  196 000000C0         ;     </h>
  197 000000C0         ;     <h> FPROT3
  198 000000C0         ;       <i> Program Flash Region Protect Register 3
  199 000000C0         ;       <i> 25/32 - 32/32 region
  200 000000C0         ;       <o.0>   FPROT3.0
  201 000000C0         ;       <o.1>   FPROT3.1
  202 000000C0         ;       <o.2>   FPROT3.2
  203 000000C0         ;       <o.3>   FPROT3.3
  204 000000C0         ;       <o.4>   FPROT3.4
  205 000000C0         ;       <o.5>   FPROT3.5
  206 000000C0         ;       <o.6>   FPROT3.6
  207 000000C0         ;       <o.7>   FPROT3.7
  208 000000C0 00000000 
                       nFPROT3 EQU              0x00
  209 000000C0 000000FF 
                       FPROT3  EQU              nFPROT3:EOR:0xFF
  210 000000C0         ;     </h>
  211 000000C0         ;   </h>
  212 000000C0         ;   <h> Flash nonvolatile option byte (FOPT)
  213 000000C0         ;     <i> Allows the user to customize the operation of 
                       the MCU at boot time.
  214 000000C0         ;     <o.0> LPBOOT0
  215 000000C0         ;       <0=> Core and system clock divider (OUTDIV1) is 
                       0x7 (divide by 8) when LPBOOT1=0 or 0x1 (divide by 2) wh
                       en LPBOOT1=1.
  216 000000C0         ;       <1=> Core and system clock divider (OUTDIV1) is 
                       0x3 (divide by 4) when LPBOOT1=0 or 0x0 (divide by 1) wh
                       en LPBOOT1=1.
  217 000000C0         ;     <o.2> NMI_DIS
  218 000000C0         ;       <0=> NMI interrupts are always blocked
  219 000000C0         ;       <1=> NMI_b pin/interrupts reset default to enabl
                       ed
  220 000000C0         ;     <o.3> RESET_PIN_CFG
  221 000000C0         ;       <0=> RESET pin is disabled following a POR and c
                       annot be enabled as reset function
  222 000000C0         ;       <1=> RESET_b pin is dedicated
  223 000000C0         ;     <o.4> LPBOOT1
  224 000000C0         ;       <0=> Core and system clock divider (OUTDIV1) is 
                       0x7 (divide by 8) when LPBOOT0=0 or 0x3 (divide by 4) wh
                       en LPBOOT0=1.
  225 000000C0         ;       <1=> Core and system clock divider (OUTDIV1) is 
                       0x1 (divide by 2) when LPBOOT0=0 or 0x0 (divide by 1) wh
                       en LPBOOT0=1.
  226 000000C0         ;     <o.5> FAST_INIT
  227 000000C0         ;       <0=> Slower initialization
  228 000000C0         ;       <1=> Fast Initialization
  229 000000C0 000000FF 
                       FOPT    EQU              0xFF
  230 000000C0         ;   </h>
  231 000000C0         ;   <h> Flash security byte (FSEC)
  232 000000C0         ;     <i> WARNING: If SEC field is configured as "MCU se
                       curity status is secure" and MEEN field is configured as
                        "Mass erase is disabled",
  233 000000C0         ;     <i> MCU's security status cannot be set back to un



ARM Macro Assembler    Page 7 


                       secure state since Mass erase via the debugger is blocke
                       d !!!
  234 000000C0         ;     <o.0..1> SEC
  235 000000C0         ;       <2=> MCU security status is unsecure
  236 000000C0         ;       <3=> MCU security status is secure
  237 000000C0         ;         <i> Flash Security
  238 000000C0         ;     <o.2..3> FSLACC
  239 000000C0         ;       <2=> Freescale factory access denied
  240 000000C0         ;       <3=> Freescale factory access granted
  241 000000C0         ;         <i> Freescale Failure Analysis Access Code
  242 000000C0         ;     <o.4..5> MEEN
  243 000000C0         ;       <2=> Mass erase is disabled
  244 000000C0         ;       <3=> Mass erase is enabled
  245 000000C0         ;     <o.6..7> KEYEN
  246 000000C0         ;       <2=> Backdoor key access enabled
  247 000000C0         ;       <3=> Backdoor key access disabled
  248 000000C0         ;         <i> Backdoor Key Security Enable
  249 000000C0 000000FE 
                       FSEC    EQU              0xFE
  250 000000C0         ;   </h>
  251 000000C0         ; </h>
  252 000000C0                 IF               :LNOT::DEF:RAM_TARGET
  253 000000C0                 AREA             |.ARM.__at_0x400|, CODE, READON
LY
  254 00000000 FF FF FF 
              FF               DCB              BackDoorK0, BackDoorK1, BackDoo
rK2, BackDoorK3
  255 00000004 FF FF FF 
              FF               DCB              BackDoorK4, BackDoorK5, BackDoo
rK6, BackDoorK7
  256 00000008 FF FF FF 
              FF               DCB              FPROT0    , FPROT1    , FPROT2 
   , FPROT3
  257 0000000C FE FF FF 
              FF               DCB              FSEC      , FOPT      , 0xFF   
   , 0xFF
  258 00000010                 ENDIF
  259 00000010         
  260 00000010         
  261 00000010                 AREA             |.text|, CODE, READONLY
  262 00000000         
  263 00000000         ; Reset Handler
  264 00000000         
  265 00000000         Reset_Handler
                               PROC
  266 00000000                 EXPORT           Reset_Handler             [WEAK
]
  267 00000000                 IMPORT           SystemInit
  268 00000000                 IMPORT           __main
  269 00000000         
  270 00000000 B672            CPSID            I           ; Mask interrupts
  271 00000002 4809            LDR              R0, =SystemInit
  272 00000004 4780            BLX              R0
  273 00000006 B662            CPSIE            i           ; Unmask interrupts
                                                            
  274 00000008 4808            LDR              R0, =__main
  275 0000000A 4700            BX               R0
  276 0000000C                 ENDP
  277 0000000C         



ARM Macro Assembler    Page 8 


  278 0000000C         
  279 0000000C         ; Dummy Exception Handlers (infinite loops which can be 
                       modified)
  281 0000000C         NMI_Handler
                               PROC
  282 0000000C                 EXPORT           NMI_Handler         [WEAK]
  283 0000000C E7FE            B                .
  284 0000000E                 ENDP
  286 0000000E         HardFault_Handler
                               PROC
  287 0000000E                 EXPORT           HardFault_Handler         [WEAK
]
  288 0000000E E7FE            B                .
  289 00000010                 ENDP
  291 00000010         SVC_Handler
                               PROC
  292 00000010                 EXPORT           SVC_Handler         [WEAK]
  293 00000010 E7FE            B                .
  294 00000012                 ENDP
  296 00000012         PendSV_Handler
                               PROC
  297 00000012                 EXPORT           PendSV_Handler         [WEAK]
  298 00000012 E7FE            B                .
  299 00000014                 ENDP
  301 00000014         SysTick_Handler
                               PROC
  302 00000014                 EXPORT           SysTick_Handler         [WEAK]
  303 00000014 E7FE            B                .
  304 00000016                 ENDP
  306 00000016         Default_Handler
                               PROC
  307 00000016                 EXPORT           DMA0_IRQHandler         [WEAK]
  308 00000016                 EXPORT           DMA1_IRQHandler         [WEAK]
  309 00000016                 EXPORT           DMA2_IRQHandler         [WEAK]
  310 00000016                 EXPORT           DMA3_IRQHandler         [WEAK]
  311 00000016                 EXPORT           Reserved20_IRQHandler         [
WEAK]
  312 00000016                 EXPORT           FTFA_IRQHandler         [WEAK]
  313 00000016                 EXPORT           LVD_LVW_IRQHandler         [WEA
K]
  314 00000016                 EXPORT           LLWU_IRQHandler         [WEAK]
  315 00000016                 EXPORT           I2C0_IRQHandler         [WEAK]
  316 00000016                 EXPORT           I2C1_IRQHandler         [WEAK]
  317 00000016                 EXPORT           SPI0_IRQHandler         [WEAK]
  318 00000016                 EXPORT           SPI1_IRQHandler         [WEAK]
  319 00000016                 EXPORT           UART0_IRQHandler         [WEAK]
  320 00000016                 EXPORT           UART1_IRQHandler         [WEAK]
  321 00000016                 EXPORT           UART2_IRQHandler         [WEAK]
  322 00000016                 EXPORT           ADC0_IRQHandler         [WEAK]
  323 00000016                 EXPORT           CMP0_IRQHandler         [WEAK]
  324 00000016                 EXPORT           TPM0_IRQHandler         [WEAK]
  325 00000016                 EXPORT           TPM1_IRQHandler         [WEAK]
  326 00000016                 EXPORT           TPM2_IRQHandler         [WEAK]
  327 00000016                 EXPORT           RTC_IRQHandler         [WEAK]
  328 00000016                 EXPORT           RTC_Seconds_IRQHandler         
[WEAK]
  329 00000016                 EXPORT           PIT_IRQHandler         [WEAK]
  330 00000016                 EXPORT           Reserved39_IRQHandler         [
WEAK]



ARM Macro Assembler    Page 9 


  331 00000016                 EXPORT           USB0_IRQHandler         [WEAK]
  332 00000016                 EXPORT           DAC0_IRQHandler         [WEAK]
  333 00000016                 EXPORT           TSI0_IRQHandler         [WEAK]
  334 00000016                 EXPORT           MCG_IRQHandler         [WEAK]
  335 00000016                 EXPORT           LPTMR0_IRQHandler         [WEAK
]
  336 00000016                 EXPORT           Reserved45_IRQHandler         [
WEAK]
  337 00000016                 EXPORT           PORTA_IRQHandler         [WEAK]
  338 00000016                 EXPORT           PORTD_IRQHandler         [WEAK]
  339 00000016                 EXPORT           DefaultISR         [WEAK]
  340 00000016         DMA0_IRQHandler
  341 00000016         DMA1_IRQHandler
  342 00000016         DMA2_IRQHandler
  343 00000016         DMA3_IRQHandler
  344 00000016         Reserved20_IRQHandler
  345 00000016         FTFA_IRQHandler
  346 00000016         LVD_LVW_IRQHandler
  347 00000016         LLWU_IRQHandler
  348 00000016         I2C0_IRQHandler
  349 00000016         I2C1_IRQHandler
  350 00000016         SPI0_IRQHandler
  351 00000016         SPI1_IRQHandler
  352 00000016         UART0_IRQHandler
  353 00000016         UART1_IRQHandler
  354 00000016         UART2_IRQHandler
  355 00000016         ADC0_IRQHandler
  356 00000016         CMP0_IRQHandler
  357 00000016         TPM0_IRQHandler
  358 00000016         TPM1_IRQHandler
  359 00000016         TPM2_IRQHandler
  360 00000016         RTC_IRQHandler
  361 00000016         RTC_Seconds_IRQHandler
  362 00000016         PIT_IRQHandler
  363 00000016         Reserved39_IRQHandler
  364 00000016         USB0_IRQHandler
  365 00000016         DAC0_IRQHandler
  366 00000016         TSI0_IRQHandler
  367 00000016         MCG_IRQHandler
  368 00000016         LPTMR0_IRQHandler
  369 00000016         Reserved45_IRQHandler
  370 00000016         PORTA_IRQHandler
  371 00000016         PORTD_IRQHandler
  372 00000016         DefaultISR
  373 00000016 4806            LDR              R0, =DefaultISR
  374 00000018 4700            BX               R0
  375 0000001A                 ENDP
  376 0000001A 00 00           ALIGN
  377 0000001C         
  378 0000001C         
  379 0000001C         ; User Initial Stack & Heap
  380 0000001C         
  381 0000001C                 IF               :DEF:__MICROLIB
  388 0000001C         
  389 0000001C                 IMPORT           __use_two_region_memory
  390 0000001C                 EXPORT           __user_initial_stackheap
  391 0000001C         __user_initial_stackheap
  392 0000001C         
  393 0000001C 4805            LDR              R0, =  Heap_Mem



ARM Macro Assembler    Page 10 


  394 0000001E 4906            LDR              R1, =(Stack_Mem + Stack_Size)
  395 00000020 4A04            LDR              R2, = (Heap_Mem +  Heap_Size)
  396 00000022 4B06            LDR              R3, = Stack_Mem
  397 00000024 4770            BX               LR
  398 00000026         
  399 00000026 00 00           ALIGN
  400 00000028         
  401 00000028                 ENDIF
  402 00000028         
  403 00000028         
  404 00000028                 END
              00000000 
              00000000 
              00000000 
              00000000 
              00000100 
              00000000 
Command Line: --debug --xref --diag_suppress=9931 --cpu=Cortex-M0+ --apcs=inter
work --depend=.\objects\startup_mkl25z4.d -o.\objects\startup_mkl25z4.o -I.\RTE
\Device\MKL25Z128xxx4 -I.\RTE\_Target_1 -IC:\Keil_v5\ARM\PACK\ARM\CMSIS\5.2.0\C
MSIS\Include -IC:\Keil_v5\ARM\PACK\Keil\Kinetis_KLxx_DFP\1.13.0\Device\Include 
--predefine="__EVAL SETA 1" --predefine="__UVISION_VERSION SETA 524" --predefin
e="_RTE_ SETA 1" --predefine="MKL25Z128xxx4 SETA 1" --list=.\listings\startup_m
kl25z4.lst RTE\Device\MKL25Z128xxx4\startup_MKL25Z4.s



ARM Macro Assembler    Page 1 Alphabetic symbol ordering
Relocatable symbols

STACK 00000000

Symbol: STACK
   Definitions
      At line 49 in file RTE\Device\MKL25Z128xxx4\startup_MKL25Z4.s
   Uses
      None
Comment: STACK unused
Stack_Mem 00000000

Symbol: Stack_Mem
   Definitions
      At line 50 in file RTE\Device\MKL25Z128xxx4\startup_MKL25Z4.s
   Uses
      At line 394 in file RTE\Device\MKL25Z128xxx4\startup_MKL25Z4.s
      At line 396 in file RTE\Device\MKL25Z128xxx4\startup_MKL25Z4.s

__initial_sp 00000100

Symbol: __initial_sp
   Definitions
      At line 51 in file RTE\Device\MKL25Z128xxx4\startup_MKL25Z4.s
   Uses
      At line 77 in file RTE\Device\MKL25Z128xxx4\startup_MKL25Z4.s
Comment: __initial_sp used once
3 symbols



ARM Macro Assembler    Page 1 Alphabetic symbol ordering
Relocatable symbols

HEAP 00000000

Symbol: HEAP
   Definitions
      At line 60 in file RTE\Device\MKL25Z128xxx4\startup_MKL25Z4.s
   Uses
      None
Comment: HEAP unused
Heap_Mem 00000000

Symbol: Heap_Mem
   Definitions
      At line 62 in file RTE\Device\MKL25Z128xxx4\startup_MKL25Z4.s
   Uses
      At line 393 in file RTE\Device\MKL25Z128xxx4\startup_MKL25Z4.s
      At line 395 in file RTE\Device\MKL25Z128xxx4\startup_MKL25Z4.s

__heap_base 00000000

Symbol: __heap_base
   Definitions
      At line 61 in file RTE\Device\MKL25Z128xxx4\startup_MKL25Z4.s
   Uses
      None
Comment: __heap_base unused
__heap_limit 00000000

Symbol: __heap_limit
   Definitions
      At line 63 in file RTE\Device\MKL25Z128xxx4\startup_MKL25Z4.s
   Uses
      None
Comment: __heap_limit unused
4 symbols



ARM Macro Assembler    Page 1 Alphabetic symbol ordering
Relocatable symbols

RESET 00000000

Symbol: RESET
   Definitions
      At line 72 in file RTE\Device\MKL25Z128xxx4\startup_MKL25Z4.s
   Uses
      None
Comment: RESET unused
__Vectors 00000000

Symbol: __Vectors
   Definitions
      At line 77 in file RTE\Device\MKL25Z128xxx4\startup_MKL25Z4.s
   Uses
      At line 73 in file RTE\Device\MKL25Z128xxx4\startup_MKL25Z4.s
      At line 129 in file RTE\Device\MKL25Z128xxx4\startup_MKL25Z4.s

__Vectors_End 000000C0

Symbol: __Vectors_End
   Definitions
      At line 127 in file RTE\Device\MKL25Z128xxx4\startup_MKL25Z4.s
   Uses
      At line 74 in file RTE\Device\MKL25Z128xxx4\startup_MKL25Z4.s
      At line 129 in file RTE\Device\MKL25Z128xxx4\startup_MKL25Z4.s

3 symbols



ARM Macro Assembler    Page 1 Alphabetic symbol ordering
Relocatable symbols

.ARM.__at_0x400 00000000

Symbol: .ARM.__at_0x400
   Definitions
      At line 253 in file RTE\Device\MKL25Z128xxx4\startup_MKL25Z4.s
   Uses
      None
Comment: .ARM.__at_0x400 unused
1 symbol



ARM Macro Assembler    Page 1 Alphabetic symbol ordering
Relocatable symbols

.text 00000000

Symbol: .text
   Definitions
      At line 261 in file RTE\Device\MKL25Z128xxx4\startup_MKL25Z4.s
   Uses
      None
Comment: .text unused
ADC0_IRQHandler 00000016

Symbol: ADC0_IRQHandler
   Definitions
      At line 355 in file RTE\Device\MKL25Z128xxx4\startup_MKL25Z4.s
   Uses
      At line 110 in file RTE\Device\MKL25Z128xxx4\startup_MKL25Z4.s
      At line 322 in file RTE\Device\MKL25Z128xxx4\startup_MKL25Z4.s

CMP0_IRQHandler 00000016

Symbol: CMP0_IRQHandler
   Definitions
      At line 356 in file RTE\Device\MKL25Z128xxx4\startup_MKL25Z4.s
   Uses
      At line 111 in file RTE\Device\MKL25Z128xxx4\startup_MKL25Z4.s
      At line 323 in file RTE\Device\MKL25Z128xxx4\startup_MKL25Z4.s

DAC0_IRQHandler 00000016

Symbol: DAC0_IRQHandler
   Definitions
      At line 365 in file RTE\Device\MKL25Z128xxx4\startup_MKL25Z4.s
   Uses
      At line 120 in file RTE\Device\MKL25Z128xxx4\startup_MKL25Z4.s
      At line 332 in file RTE\Device\MKL25Z128xxx4\startup_MKL25Z4.s

DMA0_IRQHandler 00000016

Symbol: DMA0_IRQHandler
   Definitions
      At line 340 in file RTE\Device\MKL25Z128xxx4\startup_MKL25Z4.s
   Uses
      At line 95 in file RTE\Device\MKL25Z128xxx4\startup_MKL25Z4.s
      At line 307 in file RTE\Device\MKL25Z128xxx4\startup_MKL25Z4.s

DMA1_IRQHandler 00000016

Symbol: DMA1_IRQHandler
   Definitions
      At line 341 in file RTE\Device\MKL25Z128xxx4\startup_MKL25Z4.s
   Uses
      At line 96 in file RTE\Device\MKL25Z128xxx4\startup_MKL25Z4.s
      At line 308 in file RTE\Device\MKL25Z128xxx4\startup_MKL25Z4.s

DMA2_IRQHandler 00000016

Symbol: DMA2_IRQHandler
   Definitions
      At line 342 in file RTE\Device\MKL25Z128xxx4\startup_MKL25Z4.s
   Uses



ARM Macro Assembler    Page 2 Alphabetic symbol ordering
Relocatable symbols

      At line 97 in file RTE\Device\MKL25Z128xxx4\startup_MKL25Z4.s
      At line 309 in file RTE\Device\MKL25Z128xxx4\startup_MKL25Z4.s

DMA3_IRQHandler 00000016

Symbol: DMA3_IRQHandler
   Definitions
      At line 343 in file RTE\Device\MKL25Z128xxx4\startup_MKL25Z4.s
   Uses
      At line 98 in file RTE\Device\MKL25Z128xxx4\startup_MKL25Z4.s
      At line 310 in file RTE\Device\MKL25Z128xxx4\startup_MKL25Z4.s

DefaultISR 00000016

Symbol: DefaultISR
   Definitions
      At line 372 in file RTE\Device\MKL25Z128xxx4\startup_MKL25Z4.s
   Uses
      At line 339 in file RTE\Device\MKL25Z128xxx4\startup_MKL25Z4.s
      At line 373 in file RTE\Device\MKL25Z128xxx4\startup_MKL25Z4.s

Default_Handler 00000016

Symbol: Default_Handler
   Definitions
      At line 306 in file RTE\Device\MKL25Z128xxx4\startup_MKL25Z4.s
   Uses
      None
Comment: Default_Handler unused
FTFA_IRQHandler 00000016

Symbol: FTFA_IRQHandler
   Definitions
      At line 345 in file RTE\Device\MKL25Z128xxx4\startup_MKL25Z4.s
   Uses
      At line 100 in file RTE\Device\MKL25Z128xxx4\startup_MKL25Z4.s
      At line 312 in file RTE\Device\MKL25Z128xxx4\startup_MKL25Z4.s

HardFault_Handler 0000000E

Symbol: HardFault_Handler
   Definitions
      At line 286 in file RTE\Device\MKL25Z128xxx4\startup_MKL25Z4.s
   Uses
      At line 80 in file RTE\Device\MKL25Z128xxx4\startup_MKL25Z4.s
      At line 287 in file RTE\Device\MKL25Z128xxx4\startup_MKL25Z4.s

I2C0_IRQHandler 00000016

Symbol: I2C0_IRQHandler
   Definitions
      At line 348 in file RTE\Device\MKL25Z128xxx4\startup_MKL25Z4.s
   Uses
      At line 103 in file RTE\Device\MKL25Z128xxx4\startup_MKL25Z4.s
      At line 315 in file RTE\Device\MKL25Z128xxx4\startup_MKL25Z4.s

I2C1_IRQHandler 00000016

Symbol: I2C1_IRQHandler



ARM Macro Assembler    Page 3 Alphabetic symbol ordering
Relocatable symbols

   Definitions
      At line 349 in file RTE\Device\MKL25Z128xxx4\startup_MKL25Z4.s
   Uses
      At line 104 in file RTE\Device\MKL25Z128xxx4\startup_MKL25Z4.s
      At line 316 in file RTE\Device\MKL25Z128xxx4\startup_MKL25Z4.s

LLWU_IRQHandler 00000016

Symbol: LLWU_IRQHandler
   Definitions
      At line 347 in file RTE\Device\MKL25Z128xxx4\startup_MKL25Z4.s
   Uses
      At line 102 in file RTE\Device\MKL25Z128xxx4\startup_MKL25Z4.s
      At line 314 in file RTE\Device\MKL25Z128xxx4\startup_MKL25Z4.s

LPTMR0_IRQHandler 00000016

Symbol: LPTMR0_IRQHandler
   Definitions
      At line 368 in file RTE\Device\MKL25Z128xxx4\startup_MKL25Z4.s
   Uses
      At line 123 in file RTE\Device\MKL25Z128xxx4\startup_MKL25Z4.s
      At line 335 in file RTE\Device\MKL25Z128xxx4\startup_MKL25Z4.s

LVD_LVW_IRQHandler 00000016

Symbol: LVD_LVW_IRQHandler
   Definitions
      At line 346 in file RTE\Device\MKL25Z128xxx4\startup_MKL25Z4.s
   Uses
      At line 101 in file RTE\Device\MKL25Z128xxx4\startup_MKL25Z4.s
      At line 313 in file RTE\Device\MKL25Z128xxx4\startup_MKL25Z4.s

MCG_IRQHandler 00000016

Symbol: MCG_IRQHandler
   Definitions
      At line 367 in file RTE\Device\MKL25Z128xxx4\startup_MKL25Z4.s
   Uses
      At line 122 in file RTE\Device\MKL25Z128xxx4\startup_MKL25Z4.s
      At line 334 in file RTE\Device\MKL25Z128xxx4\startup_MKL25Z4.s

NMI_Handler 0000000C

Symbol: NMI_Handler
   Definitions
      At line 281 in file RTE\Device\MKL25Z128xxx4\startup_MKL25Z4.s
   Uses
      At line 79 in file RTE\Device\MKL25Z128xxx4\startup_MKL25Z4.s
      At line 282 in file RTE\Device\MKL25Z128xxx4\startup_MKL25Z4.s

PIT_IRQHandler 00000016

Symbol: PIT_IRQHandler
   Definitions
      At line 362 in file RTE\Device\MKL25Z128xxx4\startup_MKL25Z4.s
   Uses
      At line 117 in file RTE\Device\MKL25Z128xxx4\startup_MKL25Z4.s
      At line 329 in file RTE\Device\MKL25Z128xxx4\startup_MKL25Z4.s



ARM Macro Assembler    Page 4 Alphabetic symbol ordering
Relocatable symbols


PORTA_IRQHandler 00000016

Symbol: PORTA_IRQHandler
   Definitions
      At line 370 in file RTE\Device\MKL25Z128xxx4\startup_MKL25Z4.s
   Uses
      At line 125 in file RTE\Device\MKL25Z128xxx4\startup_MKL25Z4.s
      At line 337 in file RTE\Device\MKL25Z128xxx4\startup_MKL25Z4.s

PORTD_IRQHandler 00000016

Symbol: PORTD_IRQHandler
   Definitions
      At line 371 in file RTE\Device\MKL25Z128xxx4\startup_MKL25Z4.s
   Uses
      At line 126 in file RTE\Device\MKL25Z128xxx4\startup_MKL25Z4.s
      At line 338 in file RTE\Device\MKL25Z128xxx4\startup_MKL25Z4.s

PendSV_Handler 00000012

Symbol: PendSV_Handler
   Definitions
      At line 296 in file RTE\Device\MKL25Z128xxx4\startup_MKL25Z4.s
   Uses
      At line 91 in file RTE\Device\MKL25Z128xxx4\startup_MKL25Z4.s
      At line 297 in file RTE\Device\MKL25Z128xxx4\startup_MKL25Z4.s

RTC_IRQHandler 00000016

Symbol: RTC_IRQHandler
   Definitions
      At line 360 in file RTE\Device\MKL25Z128xxx4\startup_MKL25Z4.s
   Uses
      At line 115 in file RTE\Device\MKL25Z128xxx4\startup_MKL25Z4.s
      At line 327 in file RTE\Device\MKL25Z128xxx4\startup_MKL25Z4.s

RTC_Seconds_IRQHandler 00000016

Symbol: RTC_Seconds_IRQHandler
   Definitions
      At line 361 in file RTE\Device\MKL25Z128xxx4\startup_MKL25Z4.s
   Uses
      At line 116 in file RTE\Device\MKL25Z128xxx4\startup_MKL25Z4.s
      At line 328 in file RTE\Device\MKL25Z128xxx4\startup_MKL25Z4.s

Reserved20_IRQHandler 00000016

Symbol: Reserved20_IRQHandler
   Definitions
      At line 344 in file RTE\Device\MKL25Z128xxx4\startup_MKL25Z4.s
   Uses
      At line 99 in file RTE\Device\MKL25Z128xxx4\startup_MKL25Z4.s
      At line 311 in file RTE\Device\MKL25Z128xxx4\startup_MKL25Z4.s

Reserved39_IRQHandler 00000016

Symbol: Reserved39_IRQHandler
   Definitions



ARM Macro Assembler    Page 5 Alphabetic symbol ordering
Relocatable symbols

      At line 363 in file RTE\Device\MKL25Z128xxx4\startup_MKL25Z4.s
   Uses
      At line 118 in file RTE\Device\MKL25Z128xxx4\startup_MKL25Z4.s
      At line 330 in file RTE\Device\MKL25Z128xxx4\startup_MKL25Z4.s

Reserved45_IRQHandler 00000016

Symbol: Reserved45_IRQHandler
   Definitions
      At line 369 in file RTE\Device\MKL25Z128xxx4\startup_MKL25Z4.s
   Uses
      At line 124 in file RTE\Device\MKL25Z128xxx4\startup_MKL25Z4.s
      At line 336 in file RTE\Device\MKL25Z128xxx4\startup_MKL25Z4.s

Reset_Handler 00000000

Symbol: Reset_Handler
   Definitions
      At line 265 in file RTE\Device\MKL25Z128xxx4\startup_MKL25Z4.s
   Uses
      At line 78 in file RTE\Device\MKL25Z128xxx4\startup_MKL25Z4.s
      At line 266 in file RTE\Device\MKL25Z128xxx4\startup_MKL25Z4.s

SPI0_IRQHandler 00000016

Symbol: SPI0_IRQHandler
   Definitions
      At line 350 in file RTE\Device\MKL25Z128xxx4\startup_MKL25Z4.s
   Uses
      At line 105 in file RTE\Device\MKL25Z128xxx4\startup_MKL25Z4.s
      At line 317 in file RTE\Device\MKL25Z128xxx4\startup_MKL25Z4.s

SPI1_IRQHandler 00000016

Symbol: SPI1_IRQHandler
   Definitions
      At line 351 in file RTE\Device\MKL25Z128xxx4\startup_MKL25Z4.s
   Uses
      At line 106 in file RTE\Device\MKL25Z128xxx4\startup_MKL25Z4.s
      At line 318 in file RTE\Device\MKL25Z128xxx4\startup_MKL25Z4.s

SVC_Handler 00000010

Symbol: SVC_Handler
   Definitions
      At line 291 in file RTE\Device\MKL25Z128xxx4\startup_MKL25Z4.s
   Uses
      At line 88 in file RTE\Device\MKL25Z128xxx4\startup_MKL25Z4.s
      At line 292 in file RTE\Device\MKL25Z128xxx4\startup_MKL25Z4.s

SysTick_Handler 00000014

Symbol: SysTick_Handler
   Definitions
      At line 301 in file RTE\Device\MKL25Z128xxx4\startup_MKL25Z4.s
   Uses
      At line 92 in file RTE\Device\MKL25Z128xxx4\startup_MKL25Z4.s
      At line 302 in file RTE\Device\MKL25Z128xxx4\startup_MKL25Z4.s




ARM Macro Assembler    Page 6 Alphabetic symbol ordering
Relocatable symbols

TPM0_IRQHandler 00000016

Symbol: TPM0_IRQHandler
   Definitions
      At line 357 in file RTE\Device\MKL25Z128xxx4\startup_MKL25Z4.s
   Uses
      At line 112 in file RTE\Device\MKL25Z128xxx4\startup_MKL25Z4.s
      At line 324 in file RTE\Device\MKL25Z128xxx4\startup_MKL25Z4.s

TPM1_IRQHandler 00000016

Symbol: TPM1_IRQHandler
   Definitions
      At line 358 in file RTE\Device\MKL25Z128xxx4\startup_MKL25Z4.s
   Uses
      At line 113 in file RTE\Device\MKL25Z128xxx4\startup_MKL25Z4.s
      At line 325 in file RTE\Device\MKL25Z128xxx4\startup_MKL25Z4.s

TPM2_IRQHandler 00000016

Symbol: TPM2_IRQHandler
   Definitions
      At line 359 in file RTE\Device\MKL25Z128xxx4\startup_MKL25Z4.s
   Uses
      At line 114 in file RTE\Device\MKL25Z128xxx4\startup_MKL25Z4.s
      At line 326 in file RTE\Device\MKL25Z128xxx4\startup_MKL25Z4.s

TSI0_IRQHandler 00000016

Symbol: TSI0_IRQHandler
   Definitions
      At line 366 in file RTE\Device\MKL25Z128xxx4\startup_MKL25Z4.s
   Uses
      At line 121 in file RTE\Device\MKL25Z128xxx4\startup_MKL25Z4.s
      At line 333 in file RTE\Device\MKL25Z128xxx4\startup_MKL25Z4.s

UART0_IRQHandler 00000016

Symbol: UART0_IRQHandler
   Definitions
      At line 352 in file RTE\Device\MKL25Z128xxx4\startup_MKL25Z4.s
   Uses
      At line 107 in file RTE\Device\MKL25Z128xxx4\startup_MKL25Z4.s
      At line 319 in file RTE\Device\MKL25Z128xxx4\startup_MKL25Z4.s

UART1_IRQHandler 00000016

Symbol: UART1_IRQHandler
   Definitions
      At line 353 in file RTE\Device\MKL25Z128xxx4\startup_MKL25Z4.s
   Uses
      At line 108 in file RTE\Device\MKL25Z128xxx4\startup_MKL25Z4.s
      At line 320 in file RTE\Device\MKL25Z128xxx4\startup_MKL25Z4.s

UART2_IRQHandler 00000016

Symbol: UART2_IRQHandler
   Definitions
      At line 354 in file RTE\Device\MKL25Z128xxx4\startup_MKL25Z4.s



ARM Macro Assembler    Page 7 Alphabetic symbol ordering
Relocatable symbols

   Uses
      At line 109 in file RTE\Device\MKL25Z128xxx4\startup_MKL25Z4.s
      At line 321 in file RTE\Device\MKL25Z128xxx4\startup_MKL25Z4.s

USB0_IRQHandler 00000016

Symbol: USB0_IRQHandler
   Definitions
      At line 364 in file RTE\Device\MKL25Z128xxx4\startup_MKL25Z4.s
   Uses
      At line 119 in file RTE\Device\MKL25Z128xxx4\startup_MKL25Z4.s
      At line 331 in file RTE\Device\MKL25Z128xxx4\startup_MKL25Z4.s

__user_initial_stackheap 0000001C

Symbol: __user_initial_stackheap
   Definitions
      At line 391 in file RTE\Device\MKL25Z128xxx4\startup_MKL25Z4.s
   Uses
      At line 390 in file RTE\Device\MKL25Z128xxx4\startup_MKL25Z4.s
Comment: __user_initial_stackheap used once
42 symbols



ARM Macro Assembler    Page 1 Alphabetic symbol ordering
Absolute symbols

BackDoorK0 000000FF

Symbol: BackDoorK0
   Definitions
      At line 143 in file RTE\Device\MKL25Z128xxx4\startup_MKL25Z4.s
   Uses
      At line 254 in file RTE\Device\MKL25Z128xxx4\startup_MKL25Z4.s
Comment: BackDoorK0 used once
BackDoorK1 000000FF

Symbol: BackDoorK1
   Definitions
      At line 144 in file RTE\Device\MKL25Z128xxx4\startup_MKL25Z4.s
   Uses
      At line 254 in file RTE\Device\MKL25Z128xxx4\startup_MKL25Z4.s
Comment: BackDoorK1 used once
BackDoorK2 000000FF

Symbol: BackDoorK2
   Definitions
      At line 145 in file RTE\Device\MKL25Z128xxx4\startup_MKL25Z4.s
   Uses
      At line 254 in file RTE\Device\MKL25Z128xxx4\startup_MKL25Z4.s
Comment: BackDoorK2 used once
BackDoorK3 000000FF

Symbol: BackDoorK3
   Definitions
      At line 146 in file RTE\Device\MKL25Z128xxx4\startup_MKL25Z4.s
   Uses
      At line 254 in file RTE\Device\MKL25Z128xxx4\startup_MKL25Z4.s
Comment: BackDoorK3 used once
BackDoorK4 000000FF

Symbol: BackDoorK4
   Definitions
      At line 147 in file RTE\Device\MKL25Z128xxx4\startup_MKL25Z4.s
   Uses
      At line 255 in file RTE\Device\MKL25Z128xxx4\startup_MKL25Z4.s
Comment: BackDoorK4 used once
BackDoorK5 000000FF

Symbol: BackDoorK5
   Definitions
      At line 148 in file RTE\Device\MKL25Z128xxx4\startup_MKL25Z4.s
   Uses
      At line 255 in file RTE\Device\MKL25Z128xxx4\startup_MKL25Z4.s
Comment: BackDoorK5 used once
BackDoorK6 000000FF

Symbol: BackDoorK6
   Definitions
      At line 149 in file RTE\Device\MKL25Z128xxx4\startup_MKL25Z4.s
   Uses
      At line 255 in file RTE\Device\MKL25Z128xxx4\startup_MKL25Z4.s
Comment: BackDoorK6 used once
BackDoorK7 000000FF

Symbol: BackDoorK7



ARM Macro Assembler    Page 2 Alphabetic symbol ordering
Absolute symbols

   Definitions
      At line 150 in file RTE\Device\MKL25Z128xxx4\startup_MKL25Z4.s
   Uses
      At line 255 in file RTE\Device\MKL25Z128xxx4\startup_MKL25Z4.s
Comment: BackDoorK7 used once
FOPT 000000FF

Symbol: FOPT
   Definitions
      At line 229 in file RTE\Device\MKL25Z128xxx4\startup_MKL25Z4.s
   Uses
      At line 257 in file RTE\Device\MKL25Z128xxx4\startup_MKL25Z4.s
Comment: FOPT used once
FPROT0 000000FF

Symbol: FPROT0
   Definitions
      At line 167 in file RTE\Device\MKL25Z128xxx4\startup_MKL25Z4.s
   Uses
      At line 256 in file RTE\Device\MKL25Z128xxx4\startup_MKL25Z4.s
Comment: FPROT0 used once
FPROT1 000000FF

Symbol: FPROT1
   Definitions
      At line 181 in file RTE\Device\MKL25Z128xxx4\startup_MKL25Z4.s
   Uses
      At line 256 in file RTE\Device\MKL25Z128xxx4\startup_MKL25Z4.s
Comment: FPROT1 used once
FPROT2 000000FF

Symbol: FPROT2
   Definitions
      At line 195 in file RTE\Device\MKL25Z128xxx4\startup_MKL25Z4.s
   Uses
      At line 256 in file RTE\Device\MKL25Z128xxx4\startup_MKL25Z4.s
Comment: FPROT2 used once
FPROT3 000000FF

Symbol: FPROT3
   Definitions
      At line 209 in file RTE\Device\MKL25Z128xxx4\startup_MKL25Z4.s
   Uses
      At line 256 in file RTE\Device\MKL25Z128xxx4\startup_MKL25Z4.s
Comment: FPROT3 used once
FSEC 000000FE

Symbol: FSEC
   Definitions
      At line 249 in file RTE\Device\MKL25Z128xxx4\startup_MKL25Z4.s
   Uses
      At line 257 in file RTE\Device\MKL25Z128xxx4\startup_MKL25Z4.s
Comment: FSEC used once
Heap_Size 00000000

Symbol: Heap_Size
   Definitions
      At line 58 in file RTE\Device\MKL25Z128xxx4\startup_MKL25Z4.s
   Uses



ARM Macro Assembler    Page 3 Alphabetic symbol ordering
Absolute symbols

      At line 62 in file RTE\Device\MKL25Z128xxx4\startup_MKL25Z4.s
      At line 395 in file RTE\Device\MKL25Z128xxx4\startup_MKL25Z4.s

Stack_Size 00000100

Symbol: Stack_Size
   Definitions
      At line 47 in file RTE\Device\MKL25Z128xxx4\startup_MKL25Z4.s
   Uses
      At line 50 in file RTE\Device\MKL25Z128xxx4\startup_MKL25Z4.s
      At line 394 in file RTE\Device\MKL25Z128xxx4\startup_MKL25Z4.s

__Vectors_Size 000000C0

Symbol: __Vectors_Size
   Definitions
      At line 129 in file RTE\Device\MKL25Z128xxx4\startup_MKL25Z4.s
   Uses
      At line 75 in file RTE\Device\MKL25Z128xxx4\startup_MKL25Z4.s
Comment: __Vectors_Size used once
nFPROT0 00000000

Symbol: nFPROT0
   Definitions
      At line 166 in file RTE\Device\MKL25Z128xxx4\startup_MKL25Z4.s
   Uses
      At line 167 in file RTE\Device\MKL25Z128xxx4\startup_MKL25Z4.s
Comment: nFPROT0 used once
nFPROT1 00000000

Symbol: nFPROT1
   Definitions
      At line 180 in file RTE\Device\MKL25Z128xxx4\startup_MKL25Z4.s
   Uses
      At line 181 in file RTE\Device\MKL25Z128xxx4\startup_MKL25Z4.s
Comment: nFPROT1 used once
nFPROT2 00000000

Symbol: nFPROT2
   Definitions
      At line 194 in file RTE\Device\MKL25Z128xxx4\startup_MKL25Z4.s
   Uses
      At line 195 in file RTE\Device\MKL25Z128xxx4\startup_MKL25Z4.s
Comment: nFPROT2 used once
nFPROT3 00000000

Symbol: nFPROT3
   Definitions
      At line 208 in file RTE\Device\MKL25Z128xxx4\startup_MKL25Z4.s
   Uses
      At line 209 in file RTE\Device\MKL25Z128xxx4\startup_MKL25Z4.s
Comment: nFPROT3 used once
21 symbols



ARM Macro Assembler    Page 1 Alphabetic symbol ordering
External symbols

SystemInit 00000000

Symbol: SystemInit
   Definitions
      At line 267 in file RTE\Device\MKL25Z128xxx4\startup_MKL25Z4.s
   Uses
      At line 271 in file RTE\Device\MKL25Z128xxx4\startup_MKL25Z4.s
Comment: SystemInit used once
__main 00000000

Symbol: __main
   Definitions
      At line 268 in file RTE\Device\MKL25Z128xxx4\startup_MKL25Z4.s
   Uses
      At line 274 in file RTE\Device\MKL25Z128xxx4\startup_MKL25Z4.s
Comment: __main used once
__use_two_region_memory 00000000

Symbol: __use_two_region_memory
   Definitions
      At line 389 in file RTE\Device\MKL25Z128xxx4\startup_MKL25Z4.s
   Uses
      None
Comment: __use_two_region_memory unused
3 symbols
417 symbols in table
